{
  "numFailedTestSuites": 0,
  "numFailedTests": 0,
  "numPassedTestSuites": 19,
  "numPassedTests": 120,
  "numPendingTestSuites": 0,
  "numPendingTests": 0,
  "numRuntimeErrorTestSuites": 0,
  "numTodoTests": 0,
  "numTotalTestSuites": 19,
  "numTotalTests": 120,
  "openHandles": [],
  "snapshot": {
    "added": 0,
    "didUpdate": false,
    "failure": false,
    "filesAdded": 0,
    "filesRemoved": 0,
    "filesRemovedList": [],
    "filesUnmatched": 0,
    "filesUpdated": 0,
    "matched": 0,
    "total": 0,
    "unchecked": 0,
    "uncheckedKeysByFile": [],
    "unmatched": 0,
    "updated": 0
  },
  "startTime": 1773560280643,
  "success": true,
  "testResults": [
    {
      "assertionResults": [
        {
          "ancestorTitles": ["instanceService", "createNew()"],
          "duration": 11,
          "failing": false,
          "failureDetails": [],
          "failureMessages": [],
          "fullName": "instanceService createNew() inserts instance, enqueues start node job, and returns instance",
          "invocations": 1,
          "location": null,
          "numPassingAsserts": 3,
          "retryReasons": [],
          "startAt": 1773560285330,
          "status": "passed",
          "title": "inserts instance, enqueues start node job, and returns instance"
        },
        {
          "ancestorTitles": ["instanceService", "createNew()"],
          "duration": 48,
          "failing": false,
          "failureDetails": [],
          "failureMessages": [],
          "fullName": "instanceService createNew() throws NotFoundError when no active workflow version exists",
          "invocations": 1,
          "location": null,
          "numPassingAsserts": 1,
          "retryReasons": [],
          "startAt": 1773560285343,
          "status": "passed",
          "title": "throws NotFoundError when no active workflow version exists"
        },
        {
          "ancestorTitles": ["instanceService", "createNew()"],
          "duration": 2,
          "failing": false,
          "failureDetails": [],
          "failureMessages": [],
          "fullName": "instanceService createNew() enqueues job with the start node ID from the workflow version",
          "invocations": 1,
          "location": null,
          "numPassingAsserts": 1,
          "retryReasons": [],
          "startAt": 1773560285391,
          "status": "passed",
          "title": "enqueues job with the start node ID from the workflow version"
        },
        {
          "ancestorTitles": ["instanceService", "getById()"],
          "duration": 1,
          "failing": false,
          "failureDetails": [],
          "failureMessages": [],
          "fullName": "instanceService getById() returns instance when found",
          "invocations": 1,
          "location": null,
          "numPassingAsserts": 1,
          "retryReasons": [],
          "startAt": 1773560285393,
          "status": "passed",
          "title": "returns instance when found"
        },
        {
          "ancestorTitles": ["instanceService", "getById()"],
          "duration": 2,
          "failing": false,
          "failureDetails": [],
          "failureMessages": [],
          "fullName": "instanceService getById() returns undefined when not found",
          "invocations": 1,
          "location": null,
          "numPassingAsserts": 1,
          "retryReasons": [],
          "startAt": 1773560285394,
          "status": "passed",
          "title": "returns undefined when not found"
        },
        {
          "ancestorTitles": ["instanceService", "resumeInstance()"],
          "duration": 2,
          "failing": false,
          "failureDetails": [],
          "failureMessages": [],
          "fullName": "instanceService resumeInstance() throws NotFoundError when instance does not exist",
          "invocations": 1,
          "location": null,
          "numPassingAsserts": 1,
          "retryReasons": [],
          "startAt": 1773560285396,
          "status": "passed",
          "title": "throws NotFoundError when instance does not exist"
        },
        {
          "ancestorTitles": ["instanceService", "resumeInstance()"],
          "duration": 2,
          "failing": false,
          "failureDetails": [],
          "failureMessages": [],
          "fullName": "instanceService resumeInstance() throws StateTransitionError when instance is not paused",
          "invocations": 1,
          "location": null,
          "numPassingAsserts": 1,
          "retryReasons": [],
          "startAt": 1773560285400,
          "status": "passed",
          "title": "throws StateTransitionError when instance is not paused"
        },
        {
          "ancestorTitles": ["instanceService", "resumeInstance()"],
          "duration": 2,
          "failing": false,
          "failureDetails": [],
          "failureMessages": [],
          "fullName": "instanceService resumeInstance() throws DataIntegrityError when no completed task found",
          "invocations": 1,
          "location": null,
          "numPassingAsserts": 1,
          "retryReasons": [],
          "startAt": 1773560285403,
          "status": "passed",
          "title": "throws DataIntegrityError when no completed task found"
        },
        {
          "ancestorTitles": ["instanceService", "resumeInstance()"],
          "duration": 8,
          "failing": false,
          "failureDetails": [],
          "failureMessages": [],
          "fullName": "instanceService resumeInstance() enqueues next nodes and updates instance to IN_PROGRESS for paused instance",
          "invocations": 1,
          "location": null,
          "numPassingAsserts": 3,
          "retryReasons": [],
          "startAt": 1773560285405,
          "status": "passed",
          "title": "enqueues next nodes and updates instance to IN_PROGRESS for paused instance"
        },
        {
          "ancestorTitles": ["instanceService", "resumeInstance()"],
          "duration": 1,
          "failing": false,
          "failureDetails": [],
          "failureMessages": [],
          "fullName": "instanceService resumeInstance() enqueues multiple next nodes when edge resolver returns multiple IDs",
          "invocations": 1,
          "location": null,
          "numPassingAsserts": 1,
          "retryReasons": [],
          "startAt": 1773560285414,
          "status": "passed",
          "title": "enqueues multiple next nodes when edge resolver returns multiple IDs"
        }
      ],
      "endTime": 1773560285417,
      "message": "",
      "name": "E:\\Mini Project\\AWE\\DEV\\awe-backend\\tests\\services\\instance.service.test.ts",
      "startTime": 1773560281563,
      "status": "passed",
      "summary": ""
    },
    {
      "assertionResults": [
        {
          "ancestorTitles": ["instanceController", "create()"],
          "duration": 34,
          "failing": false,
          "failureDetails": [],
          "failureMessages": [],
          "fullName": "instanceController create() returns 201 with created instance",
          "invocations": 1,
          "location": null,
          "numPassingAsserts": 2,
          "retryReasons": [],
          "startAt": 1773560285354,
          "status": "passed",
          "title": "returns 201 with created instance"
        },
        {
          "ancestorTitles": ["instanceController", "create()"],
          "duration": 26,
          "failing": false,
          "failureDetails": [],
          "failureMessages": [],
          "fullName": "instanceController create() throws ZodError when workflowId is not a UUID",
          "invocations": 1,
          "location": null,
          "numPassingAsserts": 1,
          "retryReasons": [],
          "startAt": 1773560285391,
          "status": "passed",
          "title": "throws ZodError when workflowId is not a UUID"
        },
        {
          "ancestorTitles": ["instanceController", "create()"],
          "duration": 3,
          "failing": false,
          "failureDetails": [],
          "failureMessages": [],
          "fullName": "instanceController create() propagates NotFoundError when no active workflow version found",
          "invocations": 1,
          "location": null,
          "numPassingAsserts": 1,
          "retryReasons": [],
          "startAt": 1773560285418,
          "status": "passed",
          "title": "propagates NotFoundError when no active workflow version found"
        },
        {
          "ancestorTitles": ["instanceController", "getById()"],
          "duration": 2,
          "failing": false,
          "failureDetails": [],
          "failureMessages": [],
          "fullName": "instanceController getById() returns instance when found",
          "invocations": 1,
          "location": null,
          "numPassingAsserts": 1,
          "retryReasons": [],
          "startAt": 1773560285421,
          "status": "passed",
          "title": "returns instance when found"
        },
        {
          "ancestorTitles": ["instanceController", "getById()"],
          "duration": 1,
          "failing": false,
          "failureDetails": [],
          "failureMessages": [],
          "fullName": "instanceController getById() throws NotFoundError when instance not found",
          "invocations": 1,
          "location": null,
          "numPassingAsserts": 1,
          "retryReasons": [],
          "startAt": 1773560285423,
          "status": "passed",
          "title": "throws NotFoundError when instance not found"
        },
        {
          "ancestorTitles": ["instanceController", "getById()"],
          "duration": 2,
          "failing": false,
          "failureDetails": [],
          "failureMessages": [],
          "fullName": "instanceController getById() throws ZodError when instanceId is not a valid UUID",
          "invocations": 1,
          "location": null,
          "numPassingAsserts": 1,
          "retryReasons": [],
          "startAt": 1773560285427,
          "status": "passed",
          "title": "throws ZodError when instanceId is not a valid UUID"
        },
        {
          "ancestorTitles": ["instanceController", "resumeInstance()"],
          "duration": 4,
          "failing": false,
          "failureDetails": [],
          "failureMessages": [],
          "fullName": "instanceController resumeInstance() returns updated instance when resume succeeds",
          "invocations": 1,
          "location": null,
          "numPassingAsserts": 1,
          "retryReasons": [],
          "startAt": 1773560285429,
          "status": "passed",
          "title": "returns updated instance when resume succeeds"
        },
        {
          "ancestorTitles": ["instanceController", "resumeInstance()"],
          "duration": 2,
          "failing": false,
          "failureDetails": [],
          "failureMessages": [],
          "fullName": "instanceController resumeInstance() throws ZodError when instanceId is not a valid UUID",
          "invocations": 1,
          "location": null,
          "numPassingAsserts": 1,
          "retryReasons": [],
          "startAt": 1773560285433,
          "status": "passed",
          "title": "throws ZodError when instanceId is not a valid UUID"
        },
        {
          "ancestorTitles": ["instanceController", "resumeInstance()"],
          "duration": 2,
          "failing": false,
          "failureDetails": [],
          "failureMessages": [],
          "fullName": "instanceController resumeInstance() propagates StateTransitionError when instance is not paused",
          "invocations": 1,
          "location": null,
          "numPassingAsserts": 1,
          "retryReasons": [],
          "startAt": 1773560285435,
          "status": "passed",
          "title": "propagates StateTransitionError when instance is not paused"
        },
        {
          "ancestorTitles": ["instanceController", "resumeInstance()"],
          "duration": 3,
          "failing": false,
          "failureDetails": [],
          "failureMessages": [],
          "fullName": "instanceController resumeInstance() propagates NotFoundError when instance does not exist",
          "invocations": 1,
          "location": null,
          "numPassingAsserts": 1,
          "retryReasons": [],
          "startAt": 1773560285437,
          "status": "passed",
          "title": "propagates NotFoundError when instance does not exist"
        }
      ],
      "endTime": 1773560285442,
      "message": "",
      "name": "E:\\Mini Project\\AWE\\DEV\\awe-backend\\tests\\controllers\\instance.controller.test.ts",
      "startTime": 1773560281680,
      "status": "passed",
      "summary": ""
    },
    {
      "assertionResults": [
        {
          "ancestorTitles": ["resumeUserTask"],
          "duration": 49,
          "failing": false,
          "failureDetails": [],
          "failureMessages": [],
          "fullName": "resumeUserTask throws NotFoundError when task does not exist",
          "invocations": 1,
          "location": null,
          "numPassingAsserts": 1,
          "retryReasons": [],
          "startAt": 1773560285445,
          "status": "passed",
          "title": "throws NotFoundError when task does not exist"
        },
        {
          "ancestorTitles": ["resumeUserTask"],
          "duration": 2,
          "failing": false,
          "failureDetails": [],
          "failureMessages": [],
          "fullName": "resumeUserTask throws StateTransitionError when task status is not IN_PROGRESS",
          "invocations": 1,
          "location": null,
          "numPassingAsserts": 1,
          "retryReasons": [],
          "startAt": 1773560285494,
          "status": "passed",
          "title": "throws StateTransitionError when task status is not IN_PROGRESS"
        },
        {
          "ancestorTitles": ["resumeUserTask"],
          "duration": 3,
          "failing": false,
          "failureDetails": [],
          "failureMessages": [],
          "fullName": "resumeUserTask throws DataIntegrityError when instance is not found",
          "invocations": 1,
          "location": null,
          "numPassingAsserts": 1,
          "retryReasons": [],
          "startAt": 1773560285499,
          "status": "passed",
          "title": "throws DataIntegrityError when instance is not found"
        },
        {
          "ancestorTitles": ["resumeUserTask"],
          "duration": 8,
          "failing": false,
          "failureDetails": [],
          "failureMessages": [],
          "fullName": "resumeUserTask throws StateTransitionError when instance is not PAUSED",
          "invocations": 1,
          "location": null,
          "numPassingAsserts": 1,
          "retryReasons": [],
          "startAt": 1773560285502,
          "status": "passed",
          "title": "throws StateTransitionError when instance is not PAUSED"
        },
        {
          "ancestorTitles": ["resumeUserTask"],
          "duration": 6,
          "failing": false,
          "failureDetails": [],
          "failureMessages": [],
          "fullName": "resumeUserTask enqueues next nodes on successful user input submission",
          "invocations": 1,
          "location": null,
          "numPassingAsserts": 1,
          "retryReasons": [],
          "startAt": 1773560285511,
          "status": "passed",
          "title": "enqueues next nodes on successful user input submission"
        },
        {
          "ancestorTitles": ["resumeUserTask"],
          "duration": 2,
          "failing": false,
          "failureDetails": [],
          "failureMessages": [],
          "fullName": "resumeUserTask maps userInput fields to context variables via responseMap",
          "invocations": 1,
          "location": null,
          "numPassingAsserts": 1,
          "retryReasons": [],
          "startAt": 1773560285518,
          "status": "passed",
          "title": "maps userInput fields to context variables via responseMap"
        },
        {
          "ancestorTitles": ["resumeUserTask"],
          "duration": 2,
          "failing": false,
          "failureDetails": [],
          "failureMessages": [],
          "fullName": "resumeUserTask updates task to COMPLETED and instance to IN_PROGRESS after user input",
          "invocations": 1,
          "location": null,
          "numPassingAsserts": 2,
          "retryReasons": [],
          "startAt": 1773560285520,
          "status": "passed",
          "title": "updates task to COMPLETED and instance to IN_PROGRESS after user input"
        }
      ],
      "endTime": 1773560285524,
      "message": "",
      "name": "E:\\Mini Project\\AWE\\DEV\\awe-backend\\tests\\services\\userTask.service.test.ts",
      "startTime": 1773560281562,
      "status": "passed",
      "summary": ""
    },
    {
      "assertionResults": [
        {
          "ancestorTitles": ["UserTaskExecutor"],
          "duration": 4,
          "failing": false,
          "failureDetails": [],
          "failureMessages": [],
          "fullName": "UserTaskExecutor returns IN_PROGRESS to signal the node is awaiting user input",
          "invocations": 1,
          "location": null,
          "numPassingAsserts": 1,
          "retryReasons": [],
          "startAt": 1773560285869,
          "status": "passed",
          "title": "returns IN_PROGRESS to signal the node is awaiting user input"
        },
        {
          "ancestorTitles": ["UserTaskExecutor"],
          "duration": 17,
          "failing": false,
          "failureDetails": [],
          "failureMessages": [],
          "fullName": "UserTaskExecutor evaluates requestMap FEEL expressions and stores results in requestData",
          "invocations": 1,
          "location": null,
          "numPassingAsserts": 3,
          "retryReasons": [],
          "startAt": 1773560285875,
          "status": "passed",
          "title": "evaluates requestMap FEEL expressions and stores results in requestData"
        },
        {
          "ancestorTitles": ["UserTaskExecutor"],
          "duration": 2,
          "failing": false,
          "failureDetails": [],
          "failureMessages": [],
          "fullName": "UserTaskExecutor includes responseMap in outputVariables for UI form rendering",
          "invocations": 1,
          "location": null,
          "numPassingAsserts": 1,
          "retryReasons": [],
          "startAt": 1773560285892,
          "status": "passed",
          "title": "includes responseMap in outputVariables for UI form rendering"
        },
        {
          "ancestorTitles": ["UserTaskExecutor"],
          "duration": 1,
          "failing": false,
          "failureDetails": [],
          "failureMessages": [],
          "fullName": "UserTaskExecutor returns empty requestData when requestMap is empty",
          "invocations": 1,
          "location": null,
          "numPassingAsserts": 1,
          "retryReasons": [],
          "startAt": 1773560285895,
          "status": "passed",
          "title": "returns empty requestData when requestMap is empty"
        },
        {
          "ancestorTitles": ["UserTaskExecutor"],
          "duration": 18,
          "failing": false,
          "failureDetails": [],
          "failureMessages": [],
          "fullName": "UserTaskExecutor throws DataIntegrityError when node configuration is invalid",
          "invocations": 1,
          "location": null,
          "numPassingAsserts": 1,
          "retryReasons": [],
          "startAt": 1773560285896,
          "status": "passed",
          "title": "throws DataIntegrityError when node configuration is invalid"
        }
      ],
      "endTime": 1773560285916,
      "message": "",
      "name": "E:\\Mini Project\\AWE\\DEV\\awe-backend\\tests\\engine\\executors\\UserTaskExecutor.test.ts",
      "startTime": 1773560285484,
      "status": "passed",
      "summary": ""
    },
    {
      "assertionResults": [
        {
          "ancestorTitles": ["ApiKey Service"],
          "duration": 4,
          "failing": false,
          "failureDetails": [],
          "failureMessages": [],
          "fullName": "ApiKey Service should return api keys",
          "invocations": 1,
          "location": null,
          "numPassingAsserts": 1,
          "retryReasons": [],
          "startAt": 1773560286790,
          "status": "passed",
          "title": "should return api keys"
        },
        {
          "ancestorTitles": ["ApiKey Service"],
          "duration": 14,
          "failing": false,
          "failureDetails": [],
          "failureMessages": [],
          "fullName": "ApiKey Service should throw error if actor is not organization",
          "invocations": 1,
          "location": null,
          "numPassingAsserts": 1,
          "retryReasons": [],
          "startAt": 1773560286795,
          "status": "passed",
          "title": "should throw error if actor is not organization"
        },
        {
          "ancestorTitles": ["ApiKey Service"],
          "duration": 2,
          "failing": false,
          "failureDetails": [],
          "failureMessages": [],
          "fullName": "ApiKey Service should throw error if environment missing",
          "invocations": 1,
          "location": null,
          "numPassingAsserts": 1,
          "retryReasons": [],
          "startAt": 1773560286809,
          "status": "passed",
          "title": "should throw error if environment missing"
        }
      ],
      "endTime": 1773560286812,
      "message": "",
      "name": "E:\\Mini Project\\AWE\\DEV\\awe-backend\\tests\\services\\apiKey.service.test.ts",
      "startTime": 1773560285577,
      "status": "passed",
      "summary": ""
    },
    {
      "assertionResults": [
        {
          "ancestorTitles": ["taskController", "getTask()"],
          "duration": 7,
          "failing": false,
          "failureDetails": [],
          "failureMessages": [],
          "fullName": "taskController getTask() calls res.json with the task when a valid UUID is provided and task is found",
          "invocations": 1,
          "location": null,
          "numPassingAsserts": 1,
          "retryReasons": [],
          "startAt": 1773560286827,
          "status": "passed",
          "title": "calls res.json with the task when a valid UUID is provided and task is found"
        },
        {
          "ancestorTitles": ["taskController", "getTask()"],
          "duration": 11,
          "failing": false,
          "failureDetails": [],
          "failureMessages": [],
          "fullName": "taskController getTask() throws NotFoundError when task is not found",
          "invocations": 1,
          "location": null,
          "numPassingAsserts": 1,
          "retryReasons": [],
          "startAt": 1773560286834,
          "status": "passed",
          "title": "throws NotFoundError when task is not found"
        },
        {
          "ancestorTitles": ["taskController", "getTask()"],
          "duration": 7,
          "failing": false,
          "failureDetails": [],
          "failureMessages": [],
          "fullName": "taskController getTask() throws ZodError when taskId is not a valid UUID",
          "invocations": 1,
          "location": null,
          "numPassingAsserts": 1,
          "retryReasons": [],
          "startAt": 1773560286847,
          "status": "passed",
          "title": "throws ZodError when taskId is not a valid UUID"
        },
        {
          "ancestorTitles": ["taskController", "getTask()"],
          "duration": 2,
          "failing": false,
          "failureDetails": [],
          "failureMessages": [],
          "fullName": "taskController getTask() throws ZodError when taskId param is missing",
          "invocations": 1,
          "location": null,
          "numPassingAsserts": 1,
          "retryReasons": [],
          "startAt": 1773560286855,
          "status": "passed",
          "title": "throws ZodError when taskId param is missing"
        },
        {
          "ancestorTitles": ["taskController", "getTask()"],
          "duration": 1,
          "failing": false,
          "failureDetails": [],
          "failureMessages": [],
          "fullName": "taskController getTask() propagates RepositoryError thrown by the service",
          "invocations": 1,
          "location": null,
          "numPassingAsserts": 1,
          "retryReasons": [],
          "startAt": 1773560286857,
          "status": "passed",
          "title": "propagates RepositoryError thrown by the service"
        }
      ],
      "endTime": 1773560286860,
      "message": "",
      "name": "E:\\Mini Project\\AWE\\DEV\\awe-backend\\tests\\controllers\\task.controller.test.ts",
      "startTime": 1773560285482,
      "status": "passed",
      "summary": ""
    },
    {
      "assertionResults": [
        {
          "ancestorTitles": ["ExecutionWorker", "constructor"],
          "duration": 9,
          "failing": false,
          "failureDetails": [],
          "failureMessages": [],
          "fullName": "ExecutionWorker constructor registers a 'failed' event listener on the worker",
          "invocations": 1,
          "location": null,
          "numPassingAsserts": 1,
          "retryReasons": [],
          "startAt": 1773560287467,
          "status": "passed",
          "title": "registers a 'failed' event listener on the worker"
        },
        {
          "ancestorTitles": ["ExecutionWorker", "constructor"],
          "duration": 12,
          "failing": false,
          "failureDetails": [],
          "failureMessages": [],
          "fullName": "ExecutionWorker constructor passes concurrency: 10 to the BullMQ Worker",
          "invocations": 1,
          "location": null,
          "numPassingAsserts": 1,
          "retryReasons": [],
          "startAt": 1773560287483,
          "status": "passed",
          "title": "passes concurrency: 10 to the BullMQ Worker"
        },
        {
          "ancestorTitles": ["ExecutionWorker", "processJob()"],
          "duration": 6,
          "failing": false,
          "failureDetails": [],
          "failureMessages": [],
          "fullName": "ExecutionWorker processJob() skips processing when instance is not found",
          "invocations": 1,
          "location": null,
          "numPassingAsserts": 1,
          "retryReasons": [],
          "startAt": 1773560287496,
          "status": "passed",
          "title": "skips processing when instance is not found"
        },
        {
          "ancestorTitles": ["ExecutionWorker", "processJob()"],
          "duration": 1,
          "failing": false,
          "failureDetails": [],
          "failureMessages": [],
          "fullName": "ExecutionWorker processJob() skips processing when instance status is not in_progress",
          "invocations": 1,
          "location": null,
          "numPassingAsserts": 1,
          "retryReasons": [],
          "startAt": 1773560287507,
          "status": "passed",
          "title": "skips processing when instance status is not in_progress"
        },
        {
          "ancestorTitles": ["ExecutionWorker", "processJob()"],
          "duration": 1,
          "failing": false,
          "failureDetails": [],
          "failureMessages": [],
          "fullName": "ExecutionWorker processJob() calls executionEngine.runNode with correct args when instance is in_progress",
          "invocations": 1,
          "location": null,
          "numPassingAsserts": 1,
          "retryReasons": [],
          "startAt": 1773560287508,
          "status": "passed",
          "title": "calls executionEngine.runNode with correct args when instance is in_progress"
        },
        {
          "ancestorTitles": ["ExecutionWorker", "processJob()"],
          "duration": 4,
          "failing": false,
          "failureDetails": [],
          "failureMessages": [],
          "fullName": "ExecutionWorker processJob() enqueues next nodes when outcome is 'next' and auto_advance is true",
          "invocations": 1,
          "location": null,
          "numPassingAsserts": 3,
          "retryReasons": [],
          "startAt": 1773560287510,
          "status": "passed",
          "title": "enqueues next nodes when outcome is 'next' and auto_advance is true"
        },
        {
          "ancestorTitles": ["ExecutionWorker", "processJob()"],
          "duration": 3,
          "failing": false,
          "failureDetails": [],
          "failureMessages": [],
          "fullName": "ExecutionWorker processJob() marks instance as PAUSED when outcome is 'next' and auto_advance is false",
          "invocations": 1,
          "location": null,
          "numPassingAsserts": 2,
          "retryReasons": [],
          "startAt": 1773560287515,
          "status": "passed",
          "title": "marks instance as PAUSED when outcome is 'next' and auto_advance is false"
        },
        {
          "ancestorTitles": ["ExecutionWorker", "processJob()"],
          "duration": 5,
          "failing": false,
          "failureDetails": [],
          "failureMessages": [],
          "fullName": "ExecutionWorker processJob() does not enqueue or update instance when outcome is 'user_task'",
          "invocations": 1,
          "location": null,
          "numPassingAsserts": 2,
          "retryReasons": [],
          "startAt": 1773560287519,
          "status": "passed",
          "title": "does not enqueue or update instance when outcome is 'user_task'"
        },
        {
          "ancestorTitles": ["ExecutionWorker", "processJob()"],
          "duration": 1,
          "failing": false,
          "failureDetails": [],
          "failureMessages": [],
          "fullName": "ExecutionWorker processJob() does not enqueue next nodes when outcome is 'completed'",
          "invocations": 1,
          "location": null,
          "numPassingAsserts": 1,
          "retryReasons": [],
          "startAt": 1773560287524,
          "status": "passed",
          "title": "does not enqueue next nodes when outcome is 'completed'"
        },
        {
          "ancestorTitles": ["ExecutionWorker", "processJob()"],
          "duration": 1,
          "failing": false,
          "failureDetails": [],
          "failureMessages": [],
          "fullName": "ExecutionWorker processJob() does not enqueue next nodes when outcome is 'failed'",
          "invocations": 1,
          "location": null,
          "numPassingAsserts": 1,
          "retryReasons": [],
          "startAt": 1773560287525,
          "status": "passed",
          "title": "does not enqueue next nodes when outcome is 'failed'"
        },
        {
          "ancestorTitles": ["ExecutionWorker", "close()"],
          "duration": 1,
          "failing": false,
          "failureDetails": [],
          "failureMessages": [],
          "fullName": "ExecutionWorker close() calls worker.close()",
          "invocations": 1,
          "location": null,
          "numPassingAsserts": 1,
          "retryReasons": [],
          "startAt": 1773560287528,
          "status": "passed",
          "title": "calls worker.close()"
        }
      ],
      "endTime": 1773560287532,
      "message": "",
      "name": "E:\\Mini Project\\AWE\\DEV\\awe-backend\\tests\\engine\\queue\\BullMQWorker.test.ts",
      "startTime": 1773560285951,
      "status": "passed",
      "summary": ""
    },
    {
      "assertionResults": [
        {
          "ancestorTitles": ["EndNodeExecutor"],
          "duration": 25,
          "failing": false,
          "failureDetails": [],
          "failureMessages": [],
          "fullName": "EndNodeExecutor evaluates resultMap FEEL expressions and returns COMPLETED with correct outputVariables",
          "invocations": 1,
          "location": null,
          "numPassingAsserts": 2,
          "retryReasons": [],
          "startAt": 1773560287957,
          "status": "passed",
          "title": "evaluates resultMap FEEL expressions and returns COMPLETED with correct outputVariables"
        },
        {
          "ancestorTitles": ["EndNodeExecutor"],
          "duration": 1,
          "failing": false,
          "failureDetails": [],
          "failureMessages": [],
          "fullName": "EndNodeExecutor returns FAILED when configuration.success is false even when FEEL evaluation succeeds",
          "invocations": 1,
          "location": null,
          "numPassingAsserts": 1,
          "retryReasons": [],
          "startAt": 1773560287983,
          "status": "passed",
          "title": "returns FAILED when configuration.success is false even when FEEL evaluation succeeds"
        },
        {
          "ancestorTitles": ["EndNodeExecutor"],
          "duration": 3,
          "failing": false,
          "failureDetails": [],
          "failureMessages": [],
          "fullName": "EndNodeExecutor returns FAILED when FEEL expression produces evaluation warnings",
          "invocations": 1,
          "location": null,
          "numPassingAsserts": 2,
          "retryReasons": [],
          "startAt": 1773560287984,
          "status": "passed",
          "title": "returns FAILED when FEEL expression produces evaluation warnings"
        },
        {
          "ancestorTitles": ["EndNodeExecutor"],
          "duration": 6,
          "failing": false,
          "failureDetails": [],
          "failureMessages": [],
          "fullName": "EndNodeExecutor returns COMPLETED when validationExpression evaluates to true",
          "invocations": 1,
          "location": null,
          "numPassingAsserts": 1,
          "retryReasons": [],
          "startAt": 1773560287988,
          "status": "passed",
          "title": "returns COMPLETED when validationExpression evaluates to true"
        },
        {
          "ancestorTitles": ["EndNodeExecutor"],
          "duration": 2,
          "failing": false,
          "failureDetails": [],
          "failureMessages": [],
          "fullName": "EndNodeExecutor returns FAILED when validationExpression evaluates to false",
          "invocations": 1,
          "location": null,
          "numPassingAsserts": 1,
          "retryReasons": [],
          "startAt": 1773560287995,
          "status": "passed",
          "title": "returns FAILED when validationExpression evaluates to false"
        },
        {
          "ancestorTitles": ["EndNodeExecutor"],
          "duration": 1,
          "failing": false,
          "failureDetails": [],
          "failureMessages": [],
          "fullName": "EndNodeExecutor returns COMPLETED with empty outputVariables when resultMap is empty",
          "invocations": 1,
          "location": null,
          "numPassingAsserts": 2,
          "retryReasons": [],
          "startAt": 1773560287998,
          "status": "passed",
          "title": "returns COMPLETED with empty outputVariables when resultMap is empty"
        },
        {
          "ancestorTitles": ["EndNodeExecutor"],
          "duration": 34,
          "failing": false,
          "failureDetails": [],
          "failureMessages": [],
          "fullName": "EndNodeExecutor throws DataIntegrityError when node configuration is invalid",
          "invocations": 1,
          "location": null,
          "numPassingAsserts": 1,
          "retryReasons": [],
          "startAt": 1773560287999,
          "status": "passed",
          "title": "throws DataIntegrityError when node configuration is invalid"
        },
        {
          "ancestorTitles": ["EndNodeExecutor"],
          "duration": 7,
          "failing": false,
          "failureDetails": [],
          "failureMessages": [],
          "fullName": "EndNodeExecutor includes message in outputVariables when end node has a message configured",
          "invocations": 1,
          "location": null,
          "numPassingAsserts": 2,
          "retryReasons": [],
          "startAt": 1773560288034,
          "status": "passed",
          "title": "includes message in outputVariables when end node has a message configured"
        }
      ],
      "endTime": 1773560288043,
      "message": "",
      "name": "E:\\Mini Project\\AWE\\DEV\\awe-backend\\tests\\engine\\executors\\EndNodeExecutor.test.ts",
      "startTime": 1773560287605,
      "status": "passed",
      "summary": ""
    },
    {
      "assertionResults": [
        {
          "ancestorTitles": ["Auth Service"],
          "duration": 10,
          "failing": false,
          "failureDetails": [],
          "failureMessages": [],
          "fullName": "Auth Service should login successfully",
          "invocations": 1,
          "location": null,
          "numPassingAsserts": 1,
          "retryReasons": [],
          "startAt": 1773560288231,
          "status": "passed",
          "title": "should login successfully"
        },
        {
          "ancestorTitles": ["Auth Service"],
          "duration": 17,
          "failing": false,
          "failureDetails": [],
          "failureMessages": [],
          "fullName": "Auth Service should throw error if password incorrect",
          "invocations": 1,
          "location": null,
          "numPassingAsserts": 1,
          "retryReasons": [],
          "startAt": 1773560288242,
          "status": "passed",
          "title": "should throw error if password incorrect"
        },
        {
          "ancestorTitles": ["Auth Service"],
          "duration": 1,
          "failing": false,
          "failureDetails": [],
          "failureMessages": [],
          "fullName": "Auth Service should throw error if user not found",
          "invocations": 1,
          "location": null,
          "numPassingAsserts": 1,
          "retryReasons": [],
          "startAt": 1773560288259,
          "status": "passed",
          "title": "should throw error if user not found"
        },
        {
          "ancestorTitles": ["Auth Service"],
          "duration": 4,
          "failing": false,
          "failureDetails": [],
          "failureMessages": [],
          "fullName": "Auth Service should generate new tokens using refresh token",
          "invocations": 1,
          "location": null,
          "numPassingAsserts": 1,
          "retryReasons": [],
          "startAt": 1773560288260,
          "status": "passed",
          "title": "should generate new tokens using refresh token"
        }
      ],
      "endTime": 1773560288266,
      "message": "",
      "name": "E:\\Mini Project\\AWE\\DEV\\awe-backend\\tests\\services\\auth.service.test.ts",
      "startTime": 1773560286969,
      "status": "passed",
      "summary": ""
    },
    {
      "assertionResults": [
        {
          "ancestorTitles": ["Auth Middleware"],
          "duration": 3,
          "failing": false,
          "failureDetails": [],
          "failureMessages": [],
          "fullName": "Auth Middleware should authenticate bearer token",
          "invocations": 1,
          "location": null,
          "numPassingAsserts": 1,
          "retryReasons": [],
          "startAt": 1773560288343,
          "status": "passed",
          "title": "should authenticate bearer token"
        },
        {
          "ancestorTitles": ["Auth Middleware"],
          "duration": 44,
          "failing": false,
          "failureDetails": [],
          "failureMessages": [],
          "fullName": "Auth Middleware should throw error if authorization header missing",
          "invocations": 1,
          "location": null,
          "numPassingAsserts": 1,
          "retryReasons": [],
          "startAt": 1773560288347,
          "status": "passed",
          "title": "should throw error if authorization header missing"
        },
        {
          "ancestorTitles": ["Auth Middleware"],
          "duration": 1,
          "failing": false,
          "failureDetails": [],
          "failureMessages": [],
          "fullName": "Auth Middleware should authenticate api key",
          "invocations": 1,
          "location": null,
          "numPassingAsserts": 1,
          "retryReasons": [],
          "startAt": 1773560288391,
          "status": "passed",
          "title": "should authenticate api key"
        },
        {
          "ancestorTitles": ["Auth Middleware"],
          "duration": 8,
          "failing": false,
          "failureDetails": [],
          "failureMessages": [],
          "fullName": "Auth Middleware should throw error for invalid authorization format",
          "invocations": 1,
          "location": null,
          "numPassingAsserts": 1,
          "retryReasons": [],
          "startAt": 1773560288392,
          "status": "passed",
          "title": "should throw error for invalid authorization format"
        }
      ],
      "endTime": 1773560288412,
      "message": "",
      "name": "E:\\Mini Project\\AWE\\DEV\\awe-backend\\tests\\middlewares\\auth.middleware.test.ts",
      "startTime": 1773560286844,
      "status": "passed",
      "summary": ""
    },
    {
      "assertionResults": [
        {
          "ancestorTitles": ["StartNodeExecutor"],
          "duration": 5,
          "failing": false,
          "failureDetails": [],
          "failureMessages": [],
          "fullName": "StartNodeExecutor maps constants correctly from instanceInputVariables",
          "invocations": 1,
          "location": null,
          "numPassingAsserts": 2,
          "retryReasons": [],
          "startAt": 1773560288908,
          "status": "passed",
          "title": "maps constants correctly from instanceInputVariables"
        },
        {
          "ancestorTitles": ["StartNodeExecutor"],
          "duration": 15,
          "failing": false,
          "failureDetails": [],
          "failureMessages": [],
          "fullName": "StartNodeExecutor fetches data from URL and stores extracted value in constants when fetchableId is present",
          "invocations": 1,
          "location": null,
          "numPassingAsserts": 4,
          "retryReasons": [],
          "startAt": 1773560288914,
          "status": "passed",
          "title": "fetches data from URL and stores extracted value in constants when fetchableId is present"
        },
        {
          "ancestorTitles": ["StartNodeExecutor"],
          "duration": 2,
          "failing": false,
          "failureDetails": [],
          "failureMessages": [],
          "fullName": "StartNodeExecutor deduplicates fetch calls when multiple inputDataMap entries reference the same fetchableId",
          "invocations": 1,
          "location": null,
          "numPassingAsserts": 4,
          "retryReasons": [],
          "startAt": 1773560288929,
          "status": "passed",
          "title": "deduplicates fetch calls when multiple inputDataMap entries reference the same fetchableId"
        },
        {
          "ancestorTitles": ["StartNodeExecutor"],
          "duration": 2,
          "failing": false,
          "failureDetails": [],
          "failureMessages": [],
          "fullName": "StartNodeExecutor evaluates FEEL urlExpression and stores the result in urls keyed by fetchable id",
          "invocations": 1,
          "location": null,
          "numPassingAsserts": 2,
          "retryReasons": [],
          "startAt": 1773560288931,
          "status": "passed",
          "title": "evaluates FEEL urlExpression and stores the result in urls keyed by fetchable id"
        },
        {
          "ancestorTitles": ["StartNodeExecutor"],
          "duration": 1,
          "failing": false,
          "failureDetails": [],
          "failureMessages": [],
          "fullName": "StartNodeExecutor returns COMPLETED with empty maps when inputDataMap and fetchables are empty",
          "invocations": 1,
          "location": null,
          "numPassingAsserts": 4,
          "retryReasons": [],
          "startAt": 1773560288933,
          "status": "passed",
          "title": "returns COMPLETED with empty maps when inputDataMap and fetchables are empty"
        },
        {
          "ancestorTitles": ["StartNodeExecutor"],
          "duration": 46,
          "failing": false,
          "failureDetails": [],
          "failureMessages": [],
          "fullName": "StartNodeExecutor throws DataIntegrityError when node configuration is invalid",
          "invocations": 1,
          "location": null,
          "numPassingAsserts": 1,
          "retryReasons": [],
          "startAt": 1773560288935,
          "status": "passed",
          "title": "throws DataIntegrityError when node configuration is invalid"
        },
        {
          "ancestorTitles": ["StartNodeExecutor"],
          "duration": 3,
          "failing": false,
          "failureDetails": [],
          "failureMessages": [],
          "fullName": "StartNodeExecutor throws DataIntegrityError when FEEL URL expression evaluates to a non-string",
          "invocations": 1,
          "location": null,
          "numPassingAsserts": 1,
          "retryReasons": [],
          "startAt": 1773560288981,
          "status": "passed",
          "title": "throws DataIntegrityError when FEEL URL expression evaluates to a non-string"
        },
        {
          "ancestorTitles": ["StartNodeExecutor"],
          "duration": 1,
          "failing": false,
          "failureDetails": [],
          "failureMessages": [],
          "fullName": "StartNodeExecutor ignores _context and _transaction params and still returns COMPLETED",
          "invocations": 1,
          "location": null,
          "numPassingAsserts": 1,
          "retryReasons": [],
          "startAt": 1773560288984,
          "status": "passed",
          "title": "ignores _context and _transaction params and still returns COMPLETED"
        }
      ],
      "endTime": 1773560288987,
      "message": "",
      "name": "E:\\Mini Project\\AWE\\DEV\\awe-backend\\tests\\engine\\executors\\StartNodeExecutor.test.ts",
      "startTime": 1773560288286,
      "status": "passed",
      "summary": ""
    },
    {
      "assertionResults": [
        {
          "ancestorTitles": ["ExecutionEngine", "runNode()"],
          "duration": 6,
          "failing": false,
          "failureDetails": [],
          "failureMessages": [],
          "fullName": "ExecutionEngine runNode() start node COMPLETED → outcome 'next' with nextNodeIds",
          "invocations": 1,
          "location": null,
          "numPassingAsserts": 2,
          "retryReasons": [],
          "startAt": 1773560289058,
          "status": "passed",
          "title": "start node COMPLETED → outcome 'next' with nextNodeIds"
        },
        {
          "ancestorTitles": ["ExecutionEngine", "runNode()"],
          "duration": 0,
          "failing": false,
          "failureDetails": [],
          "failureMessages": [],
          "fullName": "ExecutionEngine runNode() end node COMPLETED → outcome 'completed', instance status completed",
          "invocations": 1,
          "location": null,
          "numPassingAsserts": 2,
          "retryReasons": [],
          "startAt": 1773560289065,
          "status": "passed",
          "title": "end node COMPLETED → outcome 'completed', instance status completed"
        },
        {
          "ancestorTitles": ["ExecutionEngine", "runNode()"],
          "duration": 3,
          "failing": false,
          "failureDetails": [],
          "failureMessages": [],
          "fullName": "ExecutionEngine runNode() executor returns FAILED → outcome 'failed', instanceRepository.updateById called with FAILED",
          "invocations": 1,
          "location": null,
          "numPassingAsserts": 2,
          "retryReasons": [],
          "startAt": 1773560289066,
          "status": "passed",
          "title": "executor returns FAILED → outcome 'failed', instanceRepository.updateById called with FAILED"
        },
        {
          "ancestorTitles": ["ExecutionEngine", "runNode()"],
          "duration": 2,
          "failing": false,
          "failureDetails": [],
          "failureMessages": [],
          "fullName": "ExecutionEngine runNode() executor throws → treated as FAILED, outcome 'failed'",
          "invocations": 1,
          "location": null,
          "numPassingAsserts": 1,
          "retryReasons": [],
          "startAt": 1773560289072,
          "status": "passed",
          "title": "executor throws → treated as FAILED, outcome 'failed'"
        },
        {
          "ancestorTitles": ["ExecutionEngine", "runNode()"],
          "duration": 20,
          "failing": false,
          "failureDetails": [],
          "failureMessages": [],
          "fullName": "ExecutionEngine runNode() nodeId not found in workflow version → throws DataIntegrityError",
          "invocations": 1,
          "location": null,
          "numPassingAsserts": 1,
          "retryReasons": [],
          "startAt": 1773560289074,
          "status": "passed",
          "title": "nodeId not found in workflow version → throws DataIntegrityError"
        },
        {
          "ancestorTitles": ["ExecutionEngine", "runNode()"],
          "duration": 1,
          "failing": false,
          "failureDetails": [],
          "failureMessages": [],
          "fullName": "ExecutionEngine runNode() node type has no registered executor → throws StateTransitionError",
          "invocations": 1,
          "location": null,
          "numPassingAsserts": 1,
          "retryReasons": [],
          "startAt": 1773560289094,
          "status": "passed",
          "title": "node type has no registered executor → throws StateTransitionError"
        },
        {
          "ancestorTitles": ["ExecutionEngine", "runNode()"],
          "duration": 2,
          "failing": false,
          "failureDetails": [],
          "failureMessages": [],
          "fullName": "ExecutionEngine runNode() user task node returns IN_PROGRESS → outcome 'user_task', instance set to PAUSED",
          "invocations": 1,
          "location": null,
          "numPassingAsserts": 3,
          "retryReasons": [],
          "startAt": 1773560289095,
          "status": "passed",
          "title": "user task node returns IN_PROGRESS → outcome 'user_task', instance set to PAUSED"
        },
        {
          "ancestorTitles": ["ExecutionEngine", "runNode()"],
          "duration": 1,
          "failing": false,
          "failureDetails": [],
          "failureMessages": [],
          "fullName": "ExecutionEngine runNode() no outgoing edges → outcome 'failed'",
          "invocations": 1,
          "location": null,
          "numPassingAsserts": 1,
          "retryReasons": [],
          "startAt": 1773560289097,
          "status": "passed",
          "title": "no outgoing edges → outcome 'failed'"
        },
        {
          "ancestorTitles": ["ExecutionEngine", "runNode()"],
          "duration": 1,
          "failing": false,
          "failureDetails": [],
          "failureMessages": [],
          "fullName": "ExecutionEngine runNode() end node FAILED → outcome 'failed'",
          "invocations": 1,
          "location": null,
          "numPassingAsserts": 1,
          "retryReasons": [],
          "startAt": 1773560289098,
          "status": "passed",
          "title": "end node FAILED → outcome 'failed'"
        },
        {
          "ancestorTitles": ["ExecutionEngine", "runNode()"],
          "duration": 1,
          "failing": false,
          "failureDetails": [],
          "failureMessages": [],
          "fullName": "ExecutionEngine runNode() edgeResolver throws StateTransitionError → outcome 'failed'",
          "invocations": 1,
          "location": null,
          "numPassingAsserts": 1,
          "retryReasons": [],
          "startAt": 1773560289099,
          "status": "passed",
          "title": "edgeResolver throws StateTransitionError → outcome 'failed'"
        },
        {
          "ancestorTitles": ["ExecutionEngine", "runNode()"],
          "duration": 1,
          "failing": false,
          "failureDetails": [],
          "failureMessages": [],
          "fullName": "ExecutionEngine runNode() taskRepository.insert is called once per runNode call",
          "invocations": 1,
          "location": null,
          "numPassingAsserts": 1,
          "retryReasons": [],
          "startAt": 1773560289100,
          "status": "passed",
          "title": "taskRepository.insert is called once per runNode call"
        },
        {
          "ancestorTitles": ["ExecutionEngine", "runNode()"],
          "duration": 1,
          "failing": false,
          "failureDetails": [],
          "failureMessages": [],
          "fullName": "ExecutionEngine runNode() taskExecutionRepository.insert is called once per runNode call",
          "invocations": 1,
          "location": null,
          "numPassingAsserts": 1,
          "retryReasons": [],
          "startAt": 1773560289101,
          "status": "passed",
          "title": "taskExecutionRepository.insert is called once per runNode call"
        },
        {
          "ancestorTitles": ["ExecutionEngine", "runNode()"],
          "duration": 5,
          "failing": false,
          "failureDetails": [],
          "failureMessages": [],
          "fullName": "ExecutionEngine runNode() constants from start node output are merged into context returned in 'next' outcome",
          "invocations": 1,
          "location": null,
          "numPassingAsserts": 2,
          "retryReasons": [],
          "startAt": 1773560289102,
          "status": "passed",
          "title": "constants from start node output are merged into context returned in 'next' outcome"
        }
      ],
      "endTime": 1773560289109,
      "message": "",
      "name": "E:\\Mini Project\\AWE\\DEV\\awe-backend\\tests\\engine\\ExecutionEngine.test.ts",
      "startTime": 1773560288064,
      "status": "passed",
      "summary": ""
    },
    {
      "assertionResults": [
        {
          "ancestorTitles": ["Auth Controller"],
          "duration": 40,
          "failing": false,
          "failureDetails": [],
          "failureMessages": [],
          "fullName": "Auth Controller should login successfully",
          "invocations": 1,
          "location": null,
          "numPassingAsserts": 1,
          "retryReasons": [],
          "startAt": 1773560289455,
          "status": "passed",
          "title": "should login successfully"
        }
      ],
      "endTime": 1773560289498,
      "message": "",
      "name": "E:\\Mini Project\\AWE\\DEV\\awe-backend\\tests\\controllers\\auth.controller.test.ts",
      "startTime": 1773560288530,
      "status": "passed",
      "summary": ""
    },
    {
      "assertionResults": [
        {
          "ancestorTitles": ["taskService", "getTask()"],
          "duration": 5,
          "failing": false,
          "failureDetails": [],
          "failureMessages": [],
          "fullName": "taskService getTask() returns the task when repository resolves with a task",
          "invocations": 1,
          "location": null,
          "numPassingAsserts": 1,
          "retryReasons": [],
          "startAt": 1773560290044,
          "status": "passed",
          "title": "returns the task when repository resolves with a task"
        },
        {
          "ancestorTitles": ["taskService", "getTask()"],
          "duration": 2,
          "failing": false,
          "failureDetails": [],
          "failureMessages": [],
          "fullName": "taskService getTask() returns undefined when repository resolves with undefined",
          "invocations": 1,
          "location": null,
          "numPassingAsserts": 1,
          "retryReasons": [],
          "startAt": 1773560290050,
          "status": "passed",
          "title": "returns undefined when repository resolves with undefined"
        },
        {
          "ancestorTitles": ["taskService", "getTask()"],
          "duration": 11,
          "failing": false,
          "failureDetails": [],
          "failureMessages": [],
          "fullName": "taskService getTask() propagates RepositoryError thrown by the repository",
          "invocations": 1,
          "location": null,
          "numPassingAsserts": 1,
          "retryReasons": [],
          "startAt": 1773560290052,
          "status": "passed",
          "title": "propagates RepositoryError thrown by the repository"
        }
      ],
      "endTime": 1773560290065,
      "message": "",
      "name": "E:\\Mini Project\\AWE\\DEV\\awe-backend\\tests\\services\\task.service.test.ts",
      "startTime": 1773560289143,
      "status": "passed",
      "summary": ""
    },
    {
      "assertionResults": [
        {
          "ancestorTitles": ["System Controller"],
          "duration": 64,
          "failing": false,
          "failureDetails": [],
          "failureMessages": [],
          "fullName": "System Controller should register system",
          "invocations": 1,
          "location": null,
          "numPassingAsserts": 1,
          "retryReasons": [],
          "startAt": 1773560290190,
          "status": "passed",
          "title": "should register system"
        }
      ],
      "endTime": 1773560290258,
      "message": "",
      "name": "E:\\Mini Project\\AWE\\DEV\\awe-backend\\tests\\controllers\\system.controller.test.ts",
      "startTime": 1773560289022,
      "status": "passed",
      "summary": ""
    },
    {
      "assertionResults": [
        {
          "ancestorTitles": ["BullMQQueue", "enqueue()"],
          "duration": 15,
          "failing": false,
          "failureDetails": [],
          "failureMessages": [],
          "fullName": "BullMQQueue enqueue() calls queue.add() with the job data and correct options",
          "invocations": 1,
          "location": null,
          "numPassingAsserts": 1,
          "retryReasons": [],
          "startAt": 1773560290650,
          "status": "passed",
          "title": "calls queue.add() with the job data and correct options"
        },
        {
          "ancestorTitles": ["BullMQQueue", "enqueue()"],
          "duration": 1,
          "failing": false,
          "failureDetails": [],
          "failureMessages": [],
          "fullName": "BullMQQueue enqueue() sets jobId to instanceId-nodeId for deduplication",
          "invocations": 1,
          "location": null,
          "numPassingAsserts": 1,
          "retryReasons": [],
          "startAt": 1773560290665,
          "status": "passed",
          "title": "sets jobId to instanceId-nodeId for deduplication"
        },
        {
          "ancestorTitles": ["BullMQQueue", "enqueue()"],
          "duration": 1,
          "failing": false,
          "failureDetails": [],
          "failureMessages": [],
          "fullName": "BullMQQueue enqueue() sets attempts: 3 and exponential backoff",
          "invocations": 1,
          "location": null,
          "numPassingAsserts": 2,
          "retryReasons": [],
          "startAt": 1773560290667,
          "status": "passed",
          "title": "sets attempts: 3 and exponential backoff"
        },
        {
          "ancestorTitles": ["BullMQQueue", "enqueue()"],
          "duration": 1,
          "failing": false,
          "failureDetails": [],
          "failureMessages": [],
          "fullName": "BullMQQueue enqueue() uses the EXECUTION_QUEUE_NAME constant as the queue name",
          "invocations": 1,
          "location": null,
          "numPassingAsserts": 1,
          "retryReasons": [],
          "startAt": 1773560290668,
          "status": "passed",
          "title": "uses the EXECUTION_QUEUE_NAME constant as the queue name"
        },
        {
          "ancestorTitles": ["BullMQQueue", "close()"],
          "duration": 2,
          "failing": false,
          "failureDetails": [],
          "failureMessages": [],
          "fullName": "BullMQQueue close() calls queue.close()",
          "invocations": 1,
          "location": null,
          "numPassingAsserts": 1,
          "retryReasons": [],
          "startAt": 1773560290669,
          "status": "passed",
          "title": "calls queue.close()"
        }
      ],
      "endTime": 1773560290673,
      "message": "",
      "name": "E:\\Mini Project\\AWE\\DEV\\awe-backend\\tests\\engine\\queue\\BullMQQueue.test.ts",
      "startTime": 1773560290291,
      "status": "passed",
      "summary": ""
    },
    {
      "assertionResults": [
        {
          "ancestorTitles": ["API Key Controller"],
          "duration": 4,
          "failing": false,
          "failureDetails": [],
          "failureMessages": [],
          "fullName": "API Key Controller should list api keys",
          "invocations": 1,
          "location": null,
          "numPassingAsserts": 1,
          "retryReasons": [],
          "startAt": 1773560290892,
          "status": "passed",
          "title": "should list api keys"
        },
        {
          "ancestorTitles": ["API Key Controller"],
          "duration": 4,
          "failing": false,
          "failureDetails": [],
          "failureMessages": [],
          "fullName": "API Key Controller should generate new api key",
          "invocations": 1,
          "location": null,
          "numPassingAsserts": 1,
          "retryReasons": [],
          "startAt": 1773560290897,
          "status": "passed",
          "title": "should generate new api key"
        }
      ],
      "endTime": 1773560290903,
      "message": "",
      "name": "E:\\Mini Project\\AWE\\DEV\\awe-backend\\tests\\controllers\\apiKey.controller.test.ts",
      "startTime": 1773560289555,
      "status": "passed",
      "summary": ""
    },
    {
      "assertionResults": [
        {
          "ancestorTitles": ["EdgeResolver", "non-decision nodes"],
          "duration": 4,
          "failing": false,
          "failureDetails": [],
          "failureMessages": [],
          "fullName": "EdgeResolver non-decision nodes returns the destination id for a single outgoing edge",
          "invocations": 1,
          "location": null,
          "numPassingAsserts": 1,
          "retryReasons": [],
          "startAt": 1773560290955,
          "status": "passed",
          "title": "returns the destination id for a single outgoing edge"
        },
        {
          "ancestorTitles": ["EdgeResolver", "non-decision nodes"],
          "duration": 1,
          "failing": false,
          "failureDetails": [],
          "failureMessages": [],
          "fullName": "EdgeResolver non-decision nodes returns all destination ids for multiple outgoing edges",
          "invocations": 1,
          "location": null,
          "numPassingAsserts": 2,
          "retryReasons": [],
          "startAt": 1773560290960,
          "status": "passed",
          "title": "returns all destination ids for multiple outgoing edges"
        },
        {
          "ancestorTitles": ["EdgeResolver", "non-decision nodes"],
          "duration": 1,
          "failing": false,
          "failureDetails": [],
          "failureMessages": [],
          "fullName": "EdgeResolver non-decision nodes returns empty array when there are no outgoing edges",
          "invocations": 1,
          "location": null,
          "numPassingAsserts": 1,
          "retryReasons": [],
          "startAt": 1773560290961,
          "status": "passed",
          "title": "returns empty array when there are no outgoing edges"
        },
        {
          "ancestorTitles": ["EdgeResolver", "non-decision nodes"],
          "duration": 1,
          "failing": false,
          "failureDetails": [],
          "failureMessages": [],
          "fullName": "EdgeResolver non-decision nodes excludes edges with null destination_node_id",
          "invocations": 1,
          "location": null,
          "numPassingAsserts": 1,
          "retryReasons": [],
          "startAt": 1773560290963,
          "status": "passed",
          "title": "excludes edges with null destination_node_id"
        },
        {
          "ancestorTitles": ["EdgeResolver", "non-decision nodes"],
          "duration": 1,
          "failing": false,
          "failureDetails": [],
          "failureMessages": [],
          "fullName": "EdgeResolver non-decision nodes treats completedNodeId not found in nodes as a non-decision node",
          "invocations": 1,
          "location": null,
          "numPassingAsserts": 1,
          "retryReasons": [],
          "startAt": 1773560290964,
          "status": "passed",
          "title": "treats completedNodeId not found in nodes as a non-decision node"
        },
        {
          "ancestorTitles": ["EdgeResolver", "decision nodes"],
          "duration": 13,
          "failing": false,
          "failureDetails": [],
          "failureMessages": [],
          "fullName": "EdgeResolver decision nodes returns destination of matching conditional edge",
          "invocations": 1,
          "location": null,
          "numPassingAsserts": 1,
          "retryReasons": [],
          "startAt": 1773560290966,
          "status": "passed",
          "title": "returns destination of matching conditional edge"
        },
        {
          "ancestorTitles": ["EdgeResolver", "decision nodes"],
          "duration": 7,
          "failing": false,
          "failureDetails": [],
          "failureMessages": [],
          "fullName": "EdgeResolver decision nodes falls back to default edge when no condition matches",
          "invocations": 1,
          "location": null,
          "numPassingAsserts": 1,
          "retryReasons": [],
          "startAt": 1773560290979,
          "status": "passed",
          "title": "falls back to default edge when no condition matches"
        },
        {
          "ancestorTitles": ["EdgeResolver", "decision nodes"],
          "duration": 75,
          "failing": false,
          "failureDetails": [],
          "failureMessages": [],
          "fullName": "EdgeResolver decision nodes throws StateTransitionError when no condition matches and no default edge",
          "invocations": 1,
          "location": null,
          "numPassingAsserts": 1,
          "retryReasons": [],
          "startAt": 1773560290988,
          "status": "passed",
          "title": "throws StateTransitionError when no condition matches and no default edge"
        },
        {
          "ancestorTitles": ["EdgeResolver", "decision nodes"],
          "duration": 2,
          "failing": false,
          "failureDetails": [],
          "failureMessages": [],
          "fullName": "EdgeResolver decision nodes returns all destinations when multiple conditions match",
          "invocations": 1,
          "location": null,
          "numPassingAsserts": 2,
          "retryReasons": [],
          "startAt": 1773560291063,
          "status": "passed",
          "title": "returns all destinations when multiple conditions match"
        }
      ],
      "endTime": 1773560291067,
      "message": "",
      "name": "E:\\Mini Project\\AWE\\DEV\\awe-backend\\tests\\engine\\EdgeResolver.test.ts",
      "startTime": 1773560290370,
      "status": "passed",
      "summary": ""
    },
    {
      "assertionResults": [
        {
          "ancestorTitles": ["ContextManager", "create()"],
          "duration": 4,
          "failing": false,
          "failureDetails": [],
          "failureMessages": [],
          "fullName": "ContextManager create() returns empty global and next scopes",
          "invocations": 1,
          "location": null,
          "numPassingAsserts": 2,
          "retryReasons": [],
          "startAt": 1773560291171,
          "status": "passed",
          "title": "returns empty global and next scopes"
        },
        {
          "ancestorTitles": ["ContextManager", "merge()"],
          "duration": 0,
          "failing": false,
          "failureDetails": [],
          "failureMessages": [],
          "fullName": "ContextManager merge() merges into GLOBAL scope and leaves next untouched",
          "invocations": 1,
          "location": null,
          "numPassingAsserts": 2,
          "retryReasons": [],
          "startAt": 1773560291176,
          "status": "passed",
          "title": "merges into GLOBAL scope and leaves next untouched"
        },
        {
          "ancestorTitles": ["ContextManager", "merge()"],
          "duration": 0,
          "failing": false,
          "failureDetails": [],
          "failureMessages": [],
          "fullName": "ContextManager merge() merges into NEXT scope and leaves global untouched",
          "invocations": 1,
          "location": null,
          "numPassingAsserts": 2,
          "retryReasons": [],
          "startAt": 1773560291177,
          "status": "passed",
          "title": "merges into NEXT scope and leaves global untouched"
        },
        {
          "ancestorTitles": ["ContextManager", "merge()"],
          "duration": 1,
          "failing": false,
          "failureDetails": [],
          "failureMessages": [],
          "fullName": "ContextManager merge() does not mutate the original context object",
          "invocations": 1,
          "location": null,
          "numPassingAsserts": 2,
          "retryReasons": [],
          "startAt": 1773560291177,
          "status": "passed",
          "title": "does not mutate the original context object"
        },
        {
          "ancestorTitles": ["ContextManager", "resolveForNode()"],
          "duration": 1,
          "failing": false,
          "failureDetails": [],
          "failureMessages": [],
          "fullName": "ContextManager resolveForNode() flattens global and next into one object",
          "invocations": 1,
          "location": null,
          "numPassingAsserts": 1,
          "retryReasons": [],
          "startAt": 1773560291178,
          "status": "passed",
          "title": "flattens global and next into one object"
        },
        {
          "ancestorTitles": ["ContextManager", "resolveForNode()"],
          "duration": 0,
          "failing": false,
          "failureDetails": [],
          "failureMessages": [],
          "fullName": "ContextManager resolveForNode() next scope values shadow global scope values for the same key",
          "invocations": 1,
          "location": null,
          "numPassingAsserts": 1,
          "retryReasons": [],
          "startAt": 1773560291179,
          "status": "passed",
          "title": "next scope values shadow global scope values for the same key"
        },
        {
          "ancestorTitles": ["ContextManager", "clearNextScope()"],
          "duration": 64,
          "failing": false,
          "failureDetails": [],
          "failureMessages": [],
          "fullName": "ContextManager clearNextScope() empties next and preserves global",
          "invocations": 1,
          "location": null,
          "numPassingAsserts": 2,
          "retryReasons": [],
          "startAt": 1773560291179,
          "status": "passed",
          "title": "empties next and preserves global"
        },
        {
          "ancestorTitles": ["ContextManager", "clearNextScope()"],
          "duration": 1,
          "failing": false,
          "failureDetails": [],
          "failureMessages": [],
          "fullName": "ContextManager clearNextScope() does not mutate the original context",
          "invocations": 1,
          "location": null,
          "numPassingAsserts": 1,
          "retryReasons": [],
          "startAt": 1773560291243,
          "status": "passed",
          "title": "does not mutate the original context"
        },
        {
          "ancestorTitles": ["ContextManager", "fromJson()"],
          "duration": 1,
          "failing": false,
          "failureDetails": [],
          "failureMessages": [],
          "fullName": "ContextManager fromJson() returns correct WorkflowContext from well-formed JSON",
          "invocations": 1,
          "location": null,
          "numPassingAsserts": 2,
          "retryReasons": [],
          "startAt": 1773560291244,
          "status": "passed",
          "title": "returns correct WorkflowContext from well-formed JSON"
        },
        {
          "ancestorTitles": ["ContextManager", "fromJson()"],
          "duration": 1,
          "failing": false,
          "failureDetails": [],
          "failureMessages": [],
          "fullName": "ContextManager fromJson() returns empty scopes when input is null",
          "invocations": 1,
          "location": null,
          "numPassingAsserts": 1,
          "retryReasons": [],
          "startAt": 1773560291246,
          "status": "passed",
          "title": "returns empty scopes when input is null"
        },
        {
          "ancestorTitles": ["ContextManager", "fromJson()"],
          "duration": 3,
          "failing": false,
          "failureDetails": [],
          "failureMessages": [],
          "fullName": "ContextManager fromJson() defaults global to empty object when key is missing",
          "invocations": 1,
          "location": null,
          "numPassingAsserts": 2,
          "retryReasons": [],
          "startAt": 1773560291248,
          "status": "passed",
          "title": "defaults global to empty object when key is missing"
        }
      ],
      "endTime": 1773560291254,
      "message": "",
      "name": "E:\\Mini Project\\AWE\\DEV\\awe-backend\\tests\\engine\\ContextManager.test.ts",
      "startTime": 1773560290903,
      "status": "passed",
      "summary": ""
    }
  ],
  "wasInterrupted": false
}
