{
  "numFailedTestSuites": 14,
  "numFailedTests": 14,
  "numPassedTestSuites": 5,
  "numPassedTests": 43,
  "numPendingTestSuites": 0,
  "numPendingTests": 0,
  "numRuntimeErrorTestSuites": 12,
  "numTodoTests": 0,
  "numTotalTestSuites": 19,
  "numTotalTests": 57,
  "openHandles": [],
  "snapshot": {
    "added": 0,
    "didUpdate": false,
    "failure": false,
    "filesAdded": 0,
    "filesRemoved": 0,
    "filesRemovedList": [],
    "filesUnmatched": 0,
    "filesUpdated": 0,
    "matched": 0,
    "total": 0,
    "unchecked": 0,
    "uncheckedKeysByFile": [],
    "unmatched": 0,
    "updated": 0
  },
  "startTime": 1773581468492,
  "success": false,
  "testResults": [
    {
      "assertionResults": [
        {
          "ancestorTitles": ["EndNodeExecutor"],
          "duration": 46,
          "failing": false,
          "failureDetails": [],
          "failureMessages": [],
          "fullName": "EndNodeExecutor evaluates resultMap FEEL expressions and returns COMPLETED with correct outputVariables",
          "invocations": 1,
          "location": null,
          "numPassingAsserts": 2,
          "retryReasons": [],
          "startAt": 1773581472230,
          "status": "passed",
          "title": "evaluates resultMap FEEL expressions and returns COMPLETED with correct outputVariables"
        },
        {
          "ancestorTitles": ["EndNodeExecutor"],
          "duration": 2,
          "failing": false,
          "failureDetails": [],
          "failureMessages": [],
          "fullName": "EndNodeExecutor returns FAILED when configuration.success is false even when FEEL evaluation succeeds",
          "invocations": 1,
          "location": null,
          "numPassingAsserts": 1,
          "retryReasons": [],
          "startAt": 1773581472277,
          "status": "passed",
          "title": "returns FAILED when configuration.success is false even when FEEL evaluation succeeds"
        },
        {
          "ancestorTitles": ["EndNodeExecutor"],
          "duration": 18,
          "failing": false,
          "failureDetails": [],
          "failureMessages": [],
          "fullName": "EndNodeExecutor returns FAILED when FEEL expression produces evaluation warnings",
          "invocations": 1,
          "location": null,
          "numPassingAsserts": 2,
          "retryReasons": [],
          "startAt": 1773581472280,
          "status": "passed",
          "title": "returns FAILED when FEEL expression produces evaluation warnings"
        },
        {
          "ancestorTitles": ["EndNodeExecutor"],
          "duration": 7,
          "failing": false,
          "failureDetails": [],
          "failureMessages": [],
          "fullName": "EndNodeExecutor returns COMPLETED when validationExpression evaluates to true",
          "invocations": 1,
          "location": null,
          "numPassingAsserts": 1,
          "retryReasons": [],
          "startAt": 1773581472299,
          "status": "passed",
          "title": "returns COMPLETED when validationExpression evaluates to true"
        },
        {
          "ancestorTitles": ["EndNodeExecutor"],
          "duration": 6,
          "failing": false,
          "failureDetails": [],
          "failureMessages": [],
          "fullName": "EndNodeExecutor returns FAILED when validationExpression evaluates to false",
          "invocations": 1,
          "location": null,
          "numPassingAsserts": 1,
          "retryReasons": [],
          "startAt": 1773581472306,
          "status": "passed",
          "title": "returns FAILED when validationExpression evaluates to false"
        },
        {
          "ancestorTitles": ["EndNodeExecutor"],
          "duration": 1,
          "failing": false,
          "failureDetails": [],
          "failureMessages": [],
          "fullName": "EndNodeExecutor returns COMPLETED with empty outputVariables when resultMap is empty",
          "invocations": 1,
          "location": null,
          "numPassingAsserts": 2,
          "retryReasons": [],
          "startAt": 1773581472313,
          "status": "passed",
          "title": "returns COMPLETED with empty outputVariables when resultMap is empty"
        },
        {
          "ancestorTitles": ["EndNodeExecutor"],
          "duration": 35,
          "failing": false,
          "failureDetails": [],
          "failureMessages": [],
          "fullName": "EndNodeExecutor throws DataIntegrityError when node configuration is invalid",
          "invocations": 1,
          "location": null,
          "numPassingAsserts": 1,
          "retryReasons": [],
          "startAt": 1773581472315,
          "status": "passed",
          "title": "throws DataIntegrityError when node configuration is invalid"
        },
        {
          "ancestorTitles": ["EndNodeExecutor"],
          "duration": 1,
          "failing": false,
          "failureDetails": [],
          "failureMessages": [],
          "fullName": "EndNodeExecutor includes message in outputVariables when end node has a message configured",
          "invocations": 1,
          "location": null,
          "numPassingAsserts": 2,
          "retryReasons": [],
          "startAt": 1773581472350,
          "status": "passed",
          "title": "includes message in outputVariables when end node has a message configured"
        }
      ],
      "endTime": 1773581472353,
      "message": "",
      "name": "E:\\Mini Project\\AWE\\DEV\\awe-backend\\tests\\engine\\executors\\EndNodeExecutor.test.ts",
      "startTime": 1773581469678,
      "status": "passed",
      "summary": ""
    },
    {
      "assertionResults": [
        {
          "ancestorTitles": ["StartNodeExecutor"],
          "duration": 13,
          "failing": false,
          "failureDetails": [],
          "failureMessages": [],
          "fullName": "StartNodeExecutor maps constants correctly from instanceInputVariables",
          "invocations": 1,
          "location": null,
          "numPassingAsserts": 2,
          "retryReasons": [],
          "startAt": 1773581472229,
          "status": "passed",
          "title": "maps constants correctly from instanceInputVariables"
        },
        {
          "ancestorTitles": ["StartNodeExecutor"],
          "duration": 34,
          "failing": false,
          "failureDetails": [
            {
              "matcherResult": {
                "expected": "user-123",
                "message": "\u001b[2mexpect(\u001b[22m\u001b[31mreceived\u001b[39m\u001b[2m).\u001b[22mtoBe\u001b[2m(\u001b[22m\u001b[32mexpected\u001b[39m\u001b[2m) // Object.is equality\u001b[22m\n\nExpected: \u001b[32m\"user-123\"\u001b[39m\nReceived: \u001b[31mundefined\u001b[39m",
                "name": "toBe",
                "pass": false
              }
            }
          ],
          "failureMessages": [
            "Error: \u001b[2mexpect(\u001b[22m\u001b[31mreceived\u001b[39m\u001b[2m).\u001b[22mtoBe\u001b[2m(\u001b[22m\u001b[32mexpected\u001b[39m\u001b[2m) // Object.is equality\u001b[22m\n\nExpected: \u001b[32m\"user-123\"\u001b[39m\nReceived: \u001b[31mundefined\u001b[39m\n    at Object.<anonymous> (E:\\Mini Project\\AWE\\DEV\\awe-backend\\tests\\engine\\executors\\StartNodeExecutor.test.ts:83:34)\n    at processTicksAndRejections (node:internal/process/task_queues:95:5)"
          ],
          "fullName": "StartNodeExecutor fetches data from URL and stores extracted value in constants when fetchableId is present",
          "invocations": 1,
          "location": null,
          "numPassingAsserts": 1,
          "retryReasons": [],
          "startAt": 1773581472244,
          "status": "failed",
          "title": "fetches data from URL and stores extracted value in constants when fetchableId is present"
        },
        {
          "ancestorTitles": ["StartNodeExecutor"],
          "duration": 8,
          "failing": false,
          "failureDetails": [
            {
              "matcherResult": {
                "message": "\u001b[2mexpect(\u001b[22m\u001b[31mjest.fn()\u001b[39m\u001b[2m).\u001b[22mtoHaveBeenCalledTimes\u001b[2m(\u001b[22m\u001b[32mexpected\u001b[39m\u001b[2m)\u001b[22m\n\nExpected number of calls: \u001b[32m1\u001b[39m\nReceived number of calls: \u001b[31m0\u001b[39m",
                "pass": false
              }
            }
          ],
          "failureMessages": [
            "Error: \u001b[2mexpect(\u001b[22m\u001b[31mjest.fn()\u001b[39m\u001b[2m).\u001b[22mtoHaveBeenCalledTimes\u001b[2m(\u001b[22m\u001b[32mexpected\u001b[39m\u001b[2m)\u001b[22m\n\nExpected number of calls: \u001b[32m1\u001b[39m\nReceived number of calls: \u001b[31m0\u001b[39m\n    at Object.<anonymous> (E:\\Mini Project\\AWE\\DEV\\awe-backend\\tests\\engine\\executors\\StartNodeExecutor.test.ts:99:30)\n    at processTicksAndRejections (node:internal/process/task_queues:95:5)"
          ],
          "fullName": "StartNodeExecutor deduplicates fetch calls when multiple inputDataMap entries reference the same fetchableId",
          "invocations": 1,
          "location": null,
          "numPassingAsserts": 1,
          "retryReasons": [],
          "startAt": 1773581472311,
          "status": "failed",
          "title": "deduplicates fetch calls when multiple inputDataMap entries reference the same fetchableId"
        },
        {
          "ancestorTitles": ["StartNodeExecutor"],
          "duration": 2,
          "failing": false,
          "failureDetails": [],
          "failureMessages": [],
          "fullName": "StartNodeExecutor evaluates FEEL urlExpression and stores the result in urls keyed by fetchable id",
          "invocations": 1,
          "location": null,
          "numPassingAsserts": 2,
          "retryReasons": [],
          "startAt": 1773581472320,
          "status": "passed",
          "title": "evaluates FEEL urlExpression and stores the result in urls keyed by fetchable id"
        },
        {
          "ancestorTitles": ["StartNodeExecutor"],
          "duration": 7,
          "failing": false,
          "failureDetails": [],
          "failureMessages": [],
          "fullName": "StartNodeExecutor returns COMPLETED with empty maps when inputDataMap and fetchables are empty",
          "invocations": 1,
          "location": null,
          "numPassingAsserts": 4,
          "retryReasons": [],
          "startAt": 1773581472322,
          "status": "passed",
          "title": "returns COMPLETED with empty maps when inputDataMap and fetchables are empty"
        },
        {
          "ancestorTitles": ["StartNodeExecutor"],
          "duration": 22,
          "failing": false,
          "failureDetails": [],
          "failureMessages": [],
          "fullName": "StartNodeExecutor throws DataIntegrityError when node configuration is invalid",
          "invocations": 1,
          "location": null,
          "numPassingAsserts": 1,
          "retryReasons": [],
          "startAt": 1773581472329,
          "status": "passed",
          "title": "throws DataIntegrityError when node configuration is invalid"
        },
        {
          "ancestorTitles": ["StartNodeExecutor"],
          "duration": 6,
          "failing": false,
          "failureDetails": [],
          "failureMessages": [],
          "fullName": "StartNodeExecutor throws DataIntegrityError when FEEL URL expression evaluates to a non-string",
          "invocations": 1,
          "location": null,
          "numPassingAsserts": 1,
          "retryReasons": [],
          "startAt": 1773581472352,
          "status": "passed",
          "title": "throws DataIntegrityError when FEEL URL expression evaluates to a non-string"
        },
        {
          "ancestorTitles": ["StartNodeExecutor"],
          "duration": 1,
          "failing": false,
          "failureDetails": [],
          "failureMessages": [],
          "fullName": "StartNodeExecutor ignores _context and _transaction params and still returns COMPLETED",
          "invocations": 1,
          "location": null,
          "numPassingAsserts": 1,
          "retryReasons": [],
          "startAt": 1773581472359,
          "status": "passed",
          "title": "ignores _context and _transaction params and still returns COMPLETED"
        }
      ],
      "endTime": 1773581472412,
      "message": "\u001b[1m\u001b[31m  \u001b[1m● \u001b[22m\u001b[1mStartNodeExecutor › fetches data from URL and stores extracted value in constants when fetchableId is present\u001b[39m\u001b[22m\n\n    \u001b[2mexpect(\u001b[22m\u001b[31mreceived\u001b[39m\u001b[2m).\u001b[22mtoBe\u001b[2m(\u001b[22m\u001b[32mexpected\u001b[39m\u001b[2m) // Object.is equality\u001b[22m\n\n    Expected: \u001b[32m\"user-123\"\u001b[39m\n    Received: \u001b[31mundefined\u001b[39m\n\u001b[2m\u001b[22m\n\u001b[2m    \u001b[0m \u001b[90m 81 |\u001b[39m     \u001b[36mconst\u001b[39m constants \u001b[33m=\u001b[39m result\u001b[33m.\u001b[39moutputVariables\u001b[33m.\u001b[39mconstants \u001b[36mas\u001b[39m \u001b[33mRecord\u001b[39m\u001b[33m<\u001b[39m\u001b[33mstring\u001b[39m\u001b[33m,\u001b[39m unknown\u001b[33m>\u001b[39m\u001b[33m;\u001b[39m\u001b[22m\n\u001b[2m     \u001b[90m 82 |\u001b[39m     \u001b[36mconst\u001b[39m fetchables \u001b[33m=\u001b[39m result\u001b[33m.\u001b[39moutputVariables\u001b[33m.\u001b[39mfetchables \u001b[36mas\u001b[39m \u001b[33mRecord\u001b[39m\u001b[33m<\u001b[39m\u001b[33mstring\u001b[39m\u001b[33m,\u001b[39m unknown\u001b[33m>\u001b[39m\u001b[33m;\u001b[39m\u001b[22m\n\u001b[2m    \u001b[31m\u001b[1m>\u001b[22m\u001b[2m\u001b[39m\u001b[90m 83 |\u001b[39m     expect(constants[\u001b[32m\"userVar\"\u001b[39m])\u001b[33m.\u001b[39mtoBe(\u001b[32m\"user-123\"\u001b[39m)\u001b[33m;\u001b[39m\u001b[22m\n\u001b[2m     \u001b[90m    |\u001b[39m                                  \u001b[31m\u001b[1m^\u001b[22m\u001b[2m\u001b[39m\u001b[22m\n\u001b[2m     \u001b[90m 84 |\u001b[39m     expect(fetchables[\u001b[32m\"userVar\"\u001b[39m])\u001b[33m.\u001b[39mtoBeDefined()\u001b[33m;\u001b[39m\u001b[22m\n\u001b[2m     \u001b[90m 85 |\u001b[39m     expect(fetchService\u001b[33m.\u001b[39m\u001b[36mget\u001b[39m)\u001b[33m.\u001b[39mtoHaveBeenCalledWith(\u001b[32m\"https://api.example.com\"\u001b[39m\u001b[33m,\u001b[39m {})\u001b[33m;\u001b[39m\u001b[22m\n\u001b[2m     \u001b[90m 86 |\u001b[39m   })\u001b[33m;\u001b[39m\u001b[0m\u001b[22m\n\u001b[2m\u001b[22m\n\u001b[2m      \u001b[2mat Object.<anonymous> (\u001b[22m\u001b[2m\u001b[0m\u001b[36mtests/engine/executors/StartNodeExecutor.test.ts\u001b[39m\u001b[0m\u001b[2m:83:34)\u001b[22m\u001b[2m\u001b[22m\n\n\u001b[1m\u001b[31m  \u001b[1m● \u001b[22m\u001b[1mStartNodeExecutor › deduplicates fetch calls when multiple inputDataMap entries reference the same fetchableId\u001b[39m\u001b[22m\n\n    \u001b[2mexpect(\u001b[22m\u001b[31mjest.fn()\u001b[39m\u001b[2m).\u001b[22mtoHaveBeenCalledTimes\u001b[2m(\u001b[22m\u001b[32mexpected\u001b[39m\u001b[2m)\u001b[22m\n\n    Expected number of calls: \u001b[32m1\u001b[39m\n    Received number of calls: \u001b[31m0\u001b[39m\n\u001b[2m\u001b[22m\n\u001b[2m    \u001b[0m \u001b[90m  97 |\u001b[39m     \u001b[36mconst\u001b[39m result \u001b[33m=\u001b[39m \u001b[36mawait\u001b[39m executor\u001b[33m.\u001b[39mexecute(mockInstance\u001b[33m,\u001b[39m node\u001b[33m,\u001b[39m emptyContext\u001b[33m,\u001b[39m tx)\u001b[33m;\u001b[39m\u001b[22m\n\u001b[2m     \u001b[90m  98 |\u001b[39m     expect(result\u001b[33m.\u001b[39mstatus)\u001b[33m.\u001b[39mtoBe(\u001b[33mTaskStatuses\u001b[39m\u001b[33m.\u001b[39m\u001b[33mCOMPLETED\u001b[39m)\u001b[33m;\u001b[39m\u001b[22m\n\u001b[2m    \u001b[31m\u001b[1m>\u001b[22m\u001b[2m\u001b[39m\u001b[90m  99 |\u001b[39m     expect(fetchService\u001b[33m.\u001b[39m\u001b[36mget\u001b[39m)\u001b[33m.\u001b[39mtoHaveBeenCalledTimes(\u001b[35m1\u001b[39m)\u001b[33m;\u001b[39m\u001b[22m\n\u001b[2m     \u001b[90m     |\u001b[39m                              \u001b[31m\u001b[1m^\u001b[22m\u001b[2m\u001b[39m\u001b[22m\n\u001b[2m     \u001b[90m 100 |\u001b[39m     \u001b[36mconst\u001b[39m constants \u001b[33m=\u001b[39m result\u001b[33m.\u001b[39moutputVariables\u001b[33m.\u001b[39mconstants \u001b[36mas\u001b[39m \u001b[33mRecord\u001b[39m\u001b[33m<\u001b[39m\u001b[33mstring\u001b[39m\u001b[33m,\u001b[39m unknown\u001b[33m>\u001b[39m\u001b[33m;\u001b[39m\u001b[22m\n\u001b[2m     \u001b[90m 101 |\u001b[39m     expect(constants[\u001b[32m\"userName\"\u001b[39m])\u001b[33m.\u001b[39mtoBe(\u001b[32m\"Alice\"\u001b[39m)\u001b[33m;\u001b[39m\u001b[22m\n\u001b[2m     \u001b[90m 102 |\u001b[39m     expect(constants[\u001b[32m\"userAge\"\u001b[39m])\u001b[33m.\u001b[39mtoBe(\u001b[35m30\u001b[39m)\u001b[33m;\u001b[39m\u001b[0m\u001b[22m\n\u001b[2m\u001b[22m\n\u001b[2m      \u001b[2mat Object.<anonymous> (\u001b[22m\u001b[2m\u001b[0m\u001b[36mtests/engine/executors/StartNodeExecutor.test.ts\u001b[39m\u001b[0m\u001b[2m:99:30)\u001b[22m\u001b[2m\u001b[22m\n",
      "name": "E:\\Mini Project\\AWE\\DEV\\awe-backend\\tests\\engine\\executors\\StartNodeExecutor.test.ts",
      "startTime": 1773581469595,
      "status": "failed",
      "summary": ""
    },
    {
      "assertionResults": [
        {
          "ancestorTitles": ["UserTaskExecutor"],
          "duration": 14,
          "failing": false,
          "failureDetails": [],
          "failureMessages": [],
          "fullName": "UserTaskExecutor returns IN_PROGRESS to signal the node is awaiting user input",
          "invocations": 1,
          "location": null,
          "numPassingAsserts": 1,
          "retryReasons": [],
          "startAt": 1773581473330,
          "status": "passed",
          "title": "returns IN_PROGRESS to signal the node is awaiting user input"
        },
        {
          "ancestorTitles": ["UserTaskExecutor"],
          "duration": 63,
          "failing": false,
          "failureDetails": [],
          "failureMessages": [],
          "fullName": "UserTaskExecutor evaluates requestMap FEEL expressions and stores results in requestData",
          "invocations": 1,
          "location": null,
          "numPassingAsserts": 3,
          "retryReasons": [],
          "startAt": 1773581473345,
          "status": "passed",
          "title": "evaluates requestMap FEEL expressions and stores results in requestData"
        },
        {
          "ancestorTitles": ["UserTaskExecutor"],
          "duration": 7,
          "failing": false,
          "failureDetails": [],
          "failureMessages": [],
          "fullName": "UserTaskExecutor includes responseMap in outputVariables for UI form rendering",
          "invocations": 1,
          "location": null,
          "numPassingAsserts": 1,
          "retryReasons": [],
          "startAt": 1773581473409,
          "status": "passed",
          "title": "includes responseMap in outputVariables for UI form rendering"
        },
        {
          "ancestorTitles": ["UserTaskExecutor"],
          "duration": 14,
          "failing": false,
          "failureDetails": [],
          "failureMessages": [],
          "fullName": "UserTaskExecutor returns empty requestData when requestMap is empty",
          "invocations": 1,
          "location": null,
          "numPassingAsserts": 1,
          "retryReasons": [],
          "startAt": 1773581473417,
          "status": "passed",
          "title": "returns empty requestData when requestMap is empty"
        },
        {
          "ancestorTitles": ["UserTaskExecutor"],
          "duration": 28,
          "failing": false,
          "failureDetails": [],
          "failureMessages": [],
          "fullName": "UserTaskExecutor throws DataIntegrityError when node configuration is invalid",
          "invocations": 1,
          "location": null,
          "numPassingAsserts": 1,
          "retryReasons": [],
          "startAt": 1773581473431,
          "status": "passed",
          "title": "throws DataIntegrityError when node configuration is invalid"
        }
      ],
      "endTime": 1773581473461,
      "message": "",
      "name": "E:\\Mini Project\\AWE\\DEV\\awe-backend\\tests\\engine\\executors\\UserTaskExecutor.test.ts",
      "startTime": 1773581472447,
      "status": "passed",
      "summary": ""
    },
    {
      "assertionResults": [
        {
          "ancestorTitles": ["EdgeResolver", "non-decision nodes"],
          "duration": 68,
          "failing": false,
          "failureDetails": [],
          "failureMessages": [],
          "fullName": "EdgeResolver non-decision nodes returns the destination id for a single outgoing edge",
          "invocations": 1,
          "location": null,
          "numPassingAsserts": 1,
          "retryReasons": [],
          "startAt": 1773581473285,
          "status": "passed",
          "title": "returns the destination id for a single outgoing edge"
        },
        {
          "ancestorTitles": ["EdgeResolver", "non-decision nodes"],
          "duration": 5,
          "failing": false,
          "failureDetails": [],
          "failureMessages": [],
          "fullName": "EdgeResolver non-decision nodes returns all destination ids for multiple outgoing edges",
          "invocations": 1,
          "location": null,
          "numPassingAsserts": 2,
          "retryReasons": [],
          "startAt": 1773581473354,
          "status": "passed",
          "title": "returns all destination ids for multiple outgoing edges"
        },
        {
          "ancestorTitles": ["EdgeResolver", "non-decision nodes"],
          "duration": 1,
          "failing": false,
          "failureDetails": [],
          "failureMessages": [],
          "fullName": "EdgeResolver non-decision nodes returns empty array when there are no outgoing edges",
          "invocations": 1,
          "location": null,
          "numPassingAsserts": 1,
          "retryReasons": [],
          "startAt": 1773581473359,
          "status": "passed",
          "title": "returns empty array when there are no outgoing edges"
        },
        {
          "ancestorTitles": ["EdgeResolver", "non-decision nodes"],
          "duration": 5,
          "failing": false,
          "failureDetails": [],
          "failureMessages": [],
          "fullName": "EdgeResolver non-decision nodes excludes edges with null destination_node_id",
          "invocations": 1,
          "location": null,
          "numPassingAsserts": 1,
          "retryReasons": [],
          "startAt": 1773581473360,
          "status": "passed",
          "title": "excludes edges with null destination_node_id"
        },
        {
          "ancestorTitles": ["EdgeResolver", "non-decision nodes"],
          "duration": 0,
          "failing": false,
          "failureDetails": [],
          "failureMessages": [],
          "fullName": "EdgeResolver non-decision nodes treats completedNodeId not found in nodes as a non-decision node",
          "invocations": 1,
          "location": null,
          "numPassingAsserts": 1,
          "retryReasons": [],
          "startAt": 1773581473366,
          "status": "passed",
          "title": "treats completedNodeId not found in nodes as a non-decision node"
        },
        {
          "ancestorTitles": ["EdgeResolver", "decision nodes"],
          "duration": 14,
          "failing": false,
          "failureDetails": [],
          "failureMessages": [],
          "fullName": "EdgeResolver decision nodes returns destination of matching conditional edge",
          "invocations": 1,
          "location": null,
          "numPassingAsserts": 1,
          "retryReasons": [],
          "startAt": 1773581473367,
          "status": "passed",
          "title": "returns destination of matching conditional edge"
        },
        {
          "ancestorTitles": ["EdgeResolver", "decision nodes"],
          "duration": 3,
          "failing": false,
          "failureDetails": [],
          "failureMessages": [],
          "fullName": "EdgeResolver decision nodes falls back to default edge when no condition matches",
          "invocations": 1,
          "location": null,
          "numPassingAsserts": 1,
          "retryReasons": [],
          "startAt": 1773581473381,
          "status": "passed",
          "title": "falls back to default edge when no condition matches"
        },
        {
          "ancestorTitles": ["EdgeResolver", "decision nodes"],
          "duration": 127,
          "failing": false,
          "failureDetails": [],
          "failureMessages": [],
          "fullName": "EdgeResolver decision nodes throws StateTransitionError when no condition matches and no default edge",
          "invocations": 1,
          "location": null,
          "numPassingAsserts": 1,
          "retryReasons": [],
          "startAt": 1773581473384,
          "status": "passed",
          "title": "throws StateTransitionError when no condition matches and no default edge"
        },
        {
          "ancestorTitles": ["EdgeResolver", "decision nodes"],
          "duration": 2,
          "failing": false,
          "failureDetails": [],
          "failureMessages": [],
          "fullName": "EdgeResolver decision nodes returns all destinations when multiple conditions match",
          "invocations": 1,
          "location": null,
          "numPassingAsserts": 2,
          "retryReasons": [],
          "startAt": 1773581473512,
          "status": "passed",
          "title": "returns all destinations when multiple conditions match"
        }
      ],
      "endTime": 1773581473516,
      "message": "",
      "name": "E:\\Mini Project\\AWE\\DEV\\awe-backend\\tests\\engine\\EdgeResolver.test.ts",
      "startTime": 1773581472609,
      "status": "passed",
      "summary": ""
    },
    {
      "assertionResults": [
        {
          "ancestorTitles": ["ContextManager", "create()"],
          "duration": 5,
          "failing": false,
          "failureDetails": [],
          "failureMessages": [],
          "fullName": "ContextManager create() returns an empty global scope",
          "invocations": 1,
          "location": null,
          "numPassingAsserts": 1,
          "retryReasons": [],
          "startAt": 1773581473985,
          "status": "passed",
          "title": "returns an empty global scope"
        },
        {
          "ancestorTitles": ["ContextManager", "merge()"],
          "duration": 1,
          "failing": false,
          "failureDetails": [],
          "failureMessages": [],
          "fullName": "ContextManager merge() merges vars into global scope",
          "invocations": 1,
          "location": null,
          "numPassingAsserts": 1,
          "retryReasons": [],
          "startAt": 1773581473992,
          "status": "passed",
          "title": "merges vars into global scope"
        },
        {
          "ancestorTitles": ["ContextManager", "merge()"],
          "duration": 1,
          "failing": false,
          "failureDetails": [],
          "failureMessages": [],
          "fullName": "ContextManager merge() does not mutate the original context object",
          "invocations": 1,
          "location": null,
          "numPassingAsserts": 1,
          "retryReasons": [],
          "startAt": 1773581473994,
          "status": "passed",
          "title": "does not mutate the original context object"
        },
        {
          "ancestorTitles": ["ContextManager", "merge()"],
          "duration": 1,
          "failing": false,
          "failureDetails": [],
          "failureMessages": [],
          "fullName": "ContextManager merge() merges new vars on top of existing global vars",
          "invocations": 1,
          "location": null,
          "numPassingAsserts": 1,
          "retryReasons": [],
          "startAt": 1773581473995,
          "status": "passed",
          "title": "merges new vars on top of existing global vars"
        },
        {
          "ancestorTitles": ["ContextManager", "resolveForNode()"],
          "duration": 0,
          "failing": false,
          "failureDetails": [],
          "failureMessages": [],
          "fullName": "ContextManager resolveForNode() returns all global vars",
          "invocations": 1,
          "location": null,
          "numPassingAsserts": 1,
          "retryReasons": [],
          "startAt": 1773581473997,
          "status": "passed",
          "title": "returns all global vars"
        },
        {
          "ancestorTitles": ["ContextManager", "resolveForNode()"],
          "duration": 1,
          "failing": false,
          "failureDetails": [],
          "failureMessages": [],
          "fullName": "ContextManager resolveForNode() returns empty object when global is empty",
          "invocations": 1,
          "location": null,
          "numPassingAsserts": 1,
          "retryReasons": [],
          "startAt": 1773581473998,
          "status": "passed",
          "title": "returns empty object when global is empty"
        },
        {
          "ancestorTitles": ["ContextManager", "fromJson()"],
          "duration": 1,
          "failing": false,
          "failureDetails": [],
          "failureMessages": [],
          "fullName": "ContextManager fromJson() returns correct WorkflowContext from well-formed JSON",
          "invocations": 1,
          "location": null,
          "numPassingAsserts": 1,
          "retryReasons": [],
          "startAt": 1773581473999,
          "status": "passed",
          "title": "returns correct WorkflowContext from well-formed JSON"
        },
        {
          "ancestorTitles": ["ContextManager", "fromJson()"],
          "duration": 0,
          "failing": false,
          "failureDetails": [],
          "failureMessages": [],
          "fullName": "ContextManager fromJson() returns empty global when input is null",
          "invocations": 1,
          "location": null,
          "numPassingAsserts": 1,
          "retryReasons": [],
          "startAt": 1773581474001,
          "status": "passed",
          "title": "returns empty global when input is null"
        },
        {
          "ancestorTitles": ["ContextManager", "fromJson()"],
          "duration": 26,
          "failing": false,
          "failureDetails": [],
          "failureMessages": [],
          "fullName": "ContextManager fromJson() defaults global to empty object when key is missing",
          "invocations": 1,
          "location": null,
          "numPassingAsserts": 1,
          "retryReasons": [],
          "startAt": 1773581474002,
          "status": "passed",
          "title": "defaults global to empty object when key is missing"
        }
      ],
      "endTime": 1773581474045,
      "message": "",
      "name": "E:\\Mini Project\\AWE\\DEV\\awe-backend\\tests\\engine\\ContextManager.test.ts",
      "startTime": 1773581473685,
      "status": "passed",
      "summary": ""
    },
    {
      "assertionResults": [
        {
          "ancestorTitles": ["ExecutionEngine", "runNode()"],
          "duration": 9,
          "failing": false,
          "failureDetails": [{ "isOperational": true, "statusCode": 500 }],
          "failureMessages": [
            "Error: Node id=node-start not found in for instance id=inst-1\n    at E:\\Mini Project\\AWE\\DEV\\awe-backend\\src\\engine\\ExecutionEngine.ts:41:15\n    at processTicksAndRejections (node:internal/process/task_queues:95:5)"
          ],
          "fullName": "ExecutionEngine runNode() start node COMPLETED → outcome 'next' with nextNodeIds",
          "invocations": 1,
          "location": null,
          "numPassingAsserts": 0,
          "retryReasons": [],
          "startAt": 1773581473968,
          "status": "failed",
          "title": "start node COMPLETED → outcome 'next' with nextNodeIds"
        },
        {
          "ancestorTitles": ["ExecutionEngine", "runNode()"],
          "duration": 1,
          "failing": false,
          "failureDetails": [{ "isOperational": true, "statusCode": 500 }],
          "failureMessages": [
            "Error: Node id=node-end not found in for instance id=inst-1\n    at E:\\Mini Project\\AWE\\DEV\\awe-backend\\src\\engine\\ExecutionEngine.ts:41:15\n    at processTicksAndRejections (node:internal/process/task_queues:95:5)"
          ],
          "fullName": "ExecutionEngine runNode() end node COMPLETED → outcome 'completed', instance status completed",
          "invocations": 1,
          "location": null,
          "numPassingAsserts": 0,
          "retryReasons": [],
          "startAt": 1773581474040,
          "status": "failed",
          "title": "end node COMPLETED → outcome 'completed', instance status completed"
        },
        {
          "ancestorTitles": ["ExecutionEngine", "runNode()"],
          "duration": 1,
          "failing": false,
          "failureDetails": [{ "isOperational": true, "statusCode": 500 }],
          "failureMessages": [
            "Error: Node id=node-start not found in for instance id=inst-1\n    at E:\\Mini Project\\AWE\\DEV\\awe-backend\\src\\engine\\ExecutionEngine.ts:41:15\n    at processTicksAndRejections (node:internal/process/task_queues:95:5)"
          ],
          "fullName": "ExecutionEngine runNode() executor returns FAILED → outcome 'failed', instanceRepository.updateById called with FAILED",
          "invocations": 1,
          "location": null,
          "numPassingAsserts": 0,
          "retryReasons": [],
          "startAt": 1773581474042,
          "status": "failed",
          "title": "executor returns FAILED → outcome 'failed', instanceRepository.updateById called with FAILED"
        },
        {
          "ancestorTitles": ["ExecutionEngine", "runNode()"],
          "duration": 1,
          "failing": false,
          "failureDetails": [{ "isOperational": true, "statusCode": 500 }],
          "failureMessages": [
            "Error: Node id=node-start not found in for instance id=inst-1\n    at E:\\Mini Project\\AWE\\DEV\\awe-backend\\src\\engine\\ExecutionEngine.ts:41:15\n    at processTicksAndRejections (node:internal/process/task_queues:95:5)"
          ],
          "fullName": "ExecutionEngine runNode() executor throws → treated as FAILED, outcome 'failed'",
          "invocations": 1,
          "location": null,
          "numPassingAsserts": 0,
          "retryReasons": [],
          "startAt": 1773581474043,
          "status": "failed",
          "title": "executor throws → treated as FAILED, outcome 'failed'"
        },
        {
          "ancestorTitles": ["ExecutionEngine", "runNode()"],
          "duration": 3,
          "failing": false,
          "failureDetails": [],
          "failureMessages": [],
          "fullName": "ExecutionEngine runNode() nodeId not found in workflow version → throws DataIntegrityError",
          "invocations": 1,
          "location": null,
          "numPassingAsserts": 1,
          "retryReasons": [],
          "startAt": 1773581474044,
          "status": "passed",
          "title": "nodeId not found in workflow version → throws DataIntegrityError"
        },
        {
          "ancestorTitles": ["ExecutionEngine", "runNode()"],
          "duration": 46,
          "failing": false,
          "failureDetails": [
            {
              "matcherResult": {
                "message": "\u001b[2mexpect(\u001b[22m\u001b[31mreceived\u001b[39m\u001b[2m).\u001b[22mrejects\u001b[2m.\u001b[22mtoThrow\u001b[2m(\u001b[22m\u001b[32mexpected\u001b[39m\u001b[2m)\u001b[22m\n\nExpected constructor: \u001b[32mStateTransitionError\u001b[39m\nReceived constructor: \u001b[31mDataIntegrityError\u001b[39m\n\nReceived message: \u001b[31m\"Node id=node-service not found in for instance id=inst-1\"\u001b[39m\n\n    \u001b[0m \u001b[90m 39 |\u001b[39m\n     \u001b[90m 40 |\u001b[39m       \u001b[36mif\u001b[39m (\u001b[33m!\u001b[39mnode) {\n    \u001b[31m\u001b[1m>\u001b[22m\u001b[39m\u001b[90m 41 |\u001b[39m         \u001b[36mthrow\u001b[39m \u001b[36mnew\u001b[39m \u001b[33mDataIntegrityError\u001b[39m(\n     \u001b[90m    |\u001b[39m               \u001b[31m\u001b[1m^\u001b[22m\u001b[39m\n     \u001b[90m 42 |\u001b[39m           \u001b[32m`Node id=${nodeId} not found in for instance id=${instance.id}`\u001b[39m\u001b[33m,\u001b[39m\n     \u001b[90m 43 |\u001b[39m         )\u001b[33m;\u001b[39m\n     \u001b[90m 44 |\u001b[39m       }\u001b[0m\n\n      \u001b[2mat \u001b[22msrc/engine/ExecutionEngine.ts\u001b[2m:41:15\u001b[22m",
                "pass": false
              },
              "message": "\u001b[2mexpect(\u001b[22m\u001b[31mreceived\u001b[39m\u001b[2m).\u001b[22mrejects\u001b[2m.\u001b[22mtoThrow\u001b[2m(\u001b[22m\u001b[32mexpected\u001b[39m\u001b[2m)\u001b[22m\n\nExpected constructor: \u001b[32mStateTransitionError\u001b[39m\nReceived constructor: \u001b[31mDataIntegrityError\u001b[39m\n\nReceived message: \u001b[31m\"Node id=node-service not found in for instance id=inst-1\"\u001b[39m\n\n    \u001b[0m \u001b[90m 39 |\u001b[39m\n     \u001b[90m 40 |\u001b[39m       \u001b[36mif\u001b[39m (\u001b[33m!\u001b[39mnode) {\n    \u001b[31m\u001b[1m>\u001b[22m\u001b[39m\u001b[90m 41 |\u001b[39m         \u001b[36mthrow\u001b[39m \u001b[36mnew\u001b[39m \u001b[33mDataIntegrityError\u001b[39m(\n     \u001b[90m    |\u001b[39m               \u001b[31m\u001b[1m^\u001b[22m\u001b[39m\n     \u001b[90m 42 |\u001b[39m           \u001b[32m`Node id=${nodeId} not found in for instance id=${instance.id}`\u001b[39m\u001b[33m,\u001b[39m\n     \u001b[90m 43 |\u001b[39m         )\u001b[33m;\u001b[39m\n     \u001b[90m 44 |\u001b[39m       }\u001b[0m\n\n      \u001b[2mat \u001b[22msrc/engine/ExecutionEngine.ts\u001b[2m:41:15\u001b[22m"
            }
          ],
          "failureMessages": [
            "Error: \u001b[2mexpect(\u001b[22m\u001b[31mreceived\u001b[39m\u001b[2m).\u001b[22mrejects\u001b[2m.\u001b[22mtoThrow\u001b[2m(\u001b[22m\u001b[32mexpected\u001b[39m\u001b[2m)\u001b[22m\n\nExpected constructor: \u001b[32mStateTransitionError\u001b[39m\nReceived constructor: \u001b[31mDataIntegrityError\u001b[39m\n\nReceived message: \u001b[31m\"Node id=node-service not found in for instance id=inst-1\"\u001b[39m\n\n    \u001b[0m \u001b[90m 39 |\u001b[39m\n     \u001b[90m 40 |\u001b[39m       \u001b[36mif\u001b[39m (\u001b[33m!\u001b[39mnode) {\n    \u001b[31m\u001b[1m>\u001b[22m\u001b[39m\u001b[90m 41 |\u001b[39m         \u001b[36mthrow\u001b[39m \u001b[36mnew\u001b[39m \u001b[33mDataIntegrityError\u001b[39m(\n     \u001b[90m    |\u001b[39m               \u001b[31m\u001b[1m^\u001b[22m\u001b[39m\n     \u001b[90m 42 |\u001b[39m           \u001b[32m`Node id=${nodeId} not found in for instance id=${instance.id}`\u001b[39m\u001b[33m,\u001b[39m\n     \u001b[90m 43 |\u001b[39m         )\u001b[33m;\u001b[39m\n     \u001b[90m 44 |\u001b[39m       }\u001b[0m\n\n      \u001b[2mat \u001b[22msrc/engine/ExecutionEngine.ts\u001b[2m:41:15\u001b[22m\n    at Object.toThrow (E:\\Mini Project\\AWE\\DEV\\awe-backend\\node_modules\\expect\\build\\index.js:2155:20)\n    at Object.<anonymous> (E:\\Mini Project\\AWE\\DEV\\awe-backend\\tests\\engine\\ExecutionEngine.test.ts:199:17)\n    at Promise.finally.completed (E:\\Mini Project\\AWE\\DEV\\awe-backend\\node_modules\\jest-circus\\build\\jestAdapterInit.js:1557:28)\n    at new Promise (<anonymous>)\n    at callAsyncCircusFn (E:\\Mini Project\\AWE\\DEV\\awe-backend\\node_modules\\jest-circus\\build\\jestAdapterInit.js:1497:10)\n    at _callCircusTest (E:\\Mini Project\\AWE\\DEV\\awe-backend\\node_modules\\jest-circus\\build\\jestAdapterInit.js:1007:40)\n    at processTicksAndRejections (node:internal/process/task_queues:95:5)\n    at _runTest (E:\\Mini Project\\AWE\\DEV\\awe-backend\\node_modules\\jest-circus\\build\\jestAdapterInit.js:947:3)\n    at E:\\Mini Project\\AWE\\DEV\\awe-backend\\node_modules\\jest-circus\\build\\jestAdapterInit.js:849:7\n    at _runTestsForDescribeBlock (E:\\Mini Project\\AWE\\DEV\\awe-backend\\node_modules\\jest-circus\\build\\jestAdapterInit.js:862:11)\n    at _runTestsForDescribeBlock (E:\\Mini Project\\AWE\\DEV\\awe-backend\\node_modules\\jest-circus\\build\\jestAdapterInit.js:857:11)\n    at _runTestsForDescribeBlock (E:\\Mini Project\\AWE\\DEV\\awe-backend\\node_modules\\jest-circus\\build\\jestAdapterInit.js:857:11)\n    at run (E:\\Mini Project\\AWE\\DEV\\awe-backend\\node_modules\\jest-circus\\build\\jestAdapterInit.js:761:3)\n    at runAndTransformResultsToJestFormat (E:\\Mini Project\\AWE\\DEV\\awe-backend\\node_modules\\jest-circus\\build\\jestAdapterInit.js:1918:21)\n    at jestAdapter (E:\\Mini Project\\AWE\\DEV\\awe-backend\\node_modules\\jest-circus\\build\\runner.js:101:19)\n    at runTestInternal (E:\\Mini Project\\AWE\\DEV\\awe-backend\\node_modules\\jest-runner\\build\\testWorker.js:275:16)\n    at runTest (E:\\Mini Project\\AWE\\DEV\\awe-backend\\node_modules\\jest-runner\\build\\testWorker.js:343:7)\n    at Object.worker (E:\\Mini Project\\AWE\\DEV\\awe-backend\\node_modules\\jest-runner\\build\\testWorker.js:497:12)"
          ],
          "fullName": "ExecutionEngine runNode() node type has no registered executor → throws StateTransitionError",
          "invocations": 1,
          "location": null,
          "numPassingAsserts": 0,
          "retryReasons": [],
          "startAt": 1773581474047,
          "status": "failed",
          "title": "node type has no registered executor → throws StateTransitionError"
        },
        {
          "ancestorTitles": ["ExecutionEngine", "runNode()"],
          "duration": 1,
          "failing": false,
          "failureDetails": [{ "isOperational": true, "statusCode": 500 }],
          "failureMessages": [
            "Error: Node id=node-user not found in for instance id=inst-1\n    at E:\\Mini Project\\AWE\\DEV\\awe-backend\\src\\engine\\ExecutionEngine.ts:41:15\n    at processTicksAndRejections (node:internal/process/task_queues:95:5)"
          ],
          "fullName": "ExecutionEngine runNode() user task node returns IN_PROGRESS → outcome 'user_task', instance set to PAUSED",
          "invocations": 1,
          "location": null,
          "numPassingAsserts": 0,
          "retryReasons": [],
          "startAt": 1773581474109,
          "status": "failed",
          "title": "user task node returns IN_PROGRESS → outcome 'user_task', instance set to PAUSED"
        },
        {
          "ancestorTitles": ["ExecutionEngine", "runNode()"],
          "duration": 2,
          "failing": false,
          "failureDetails": [{ "isOperational": true, "statusCode": 500 }],
          "failureMessages": [
            "Error: Node id=node-start not found in for instance id=inst-1\n    at E:\\Mini Project\\AWE\\DEV\\awe-backend\\src\\engine\\ExecutionEngine.ts:41:15\n    at processTicksAndRejections (node:internal/process/task_queues:95:5)"
          ],
          "fullName": "ExecutionEngine runNode() no outgoing edges → outcome 'failed'",
          "invocations": 1,
          "location": null,
          "numPassingAsserts": 0,
          "retryReasons": [],
          "startAt": 1773581474111,
          "status": "failed",
          "title": "no outgoing edges → outcome 'failed'"
        },
        {
          "ancestorTitles": ["ExecutionEngine", "runNode()"],
          "duration": 3,
          "failing": false,
          "failureDetails": [{ "isOperational": true, "statusCode": 500 }],
          "failureMessages": [
            "Error: Node id=node-end not found in for instance id=inst-1\n    at E:\\Mini Project\\AWE\\DEV\\awe-backend\\src\\engine\\ExecutionEngine.ts:41:15\n    at processTicksAndRejections (node:internal/process/task_queues:95:5)"
          ],
          "fullName": "ExecutionEngine runNode() end node FAILED → outcome 'failed'",
          "invocations": 1,
          "location": null,
          "numPassingAsserts": 0,
          "retryReasons": [],
          "startAt": 1773581474116,
          "status": "failed",
          "title": "end node FAILED → outcome 'failed'"
        },
        {
          "ancestorTitles": ["ExecutionEngine", "runNode()"],
          "duration": 2,
          "failing": false,
          "failureDetails": [{ "isOperational": true, "statusCode": 500 }],
          "failureMessages": [
            "Error: Node id=node-start not found in for instance id=inst-1\n    at E:\\Mini Project\\AWE\\DEV\\awe-backend\\src\\engine\\ExecutionEngine.ts:41:15\n    at processTicksAndRejections (node:internal/process/task_queues:95:5)"
          ],
          "fullName": "ExecutionEngine runNode() edgeResolver throws StateTransitionError → outcome 'failed'",
          "invocations": 1,
          "location": null,
          "numPassingAsserts": 0,
          "retryReasons": [],
          "startAt": 1773581474119,
          "status": "failed",
          "title": "edgeResolver throws StateTransitionError → outcome 'failed'"
        },
        {
          "ancestorTitles": ["ExecutionEngine", "runNode()"],
          "duration": 1,
          "failing": false,
          "failureDetails": [{ "isOperational": true, "statusCode": 500 }],
          "failureMessages": [
            "Error: Node id=node-start not found in for instance id=inst-1\n    at E:\\Mini Project\\AWE\\DEV\\awe-backend\\src\\engine\\ExecutionEngine.ts:41:15\n    at processTicksAndRejections (node:internal/process/task_queues:95:5)"
          ],
          "fullName": "ExecutionEngine runNode() taskRepository.insert is called once per runNode call",
          "invocations": 1,
          "location": null,
          "numPassingAsserts": 0,
          "retryReasons": [],
          "startAt": 1773581474121,
          "status": "failed",
          "title": "taskRepository.insert is called once per runNode call"
        },
        {
          "ancestorTitles": ["ExecutionEngine", "runNode()"],
          "duration": 0,
          "failing": false,
          "failureDetails": [{ "isOperational": true, "statusCode": 500 }],
          "failureMessages": [
            "Error: Node id=node-start not found in for instance id=inst-1\n    at E:\\Mini Project\\AWE\\DEV\\awe-backend\\src\\engine\\ExecutionEngine.ts:41:15\n    at processTicksAndRejections (node:internal/process/task_queues:95:5)"
          ],
          "fullName": "ExecutionEngine runNode() taskExecutionRepository.insert is called once per runNode call",
          "invocations": 1,
          "location": null,
          "numPassingAsserts": 0,
          "retryReasons": [],
          "startAt": 1773581474123,
          "status": "failed",
          "title": "taskExecutionRepository.insert is called once per runNode call"
        },
        {
          "ancestorTitles": ["ExecutionEngine", "runNode()"],
          "duration": 0,
          "failing": false,
          "failureDetails": [{ "isOperational": true, "statusCode": 500 }],
          "failureMessages": [
            "Error: Node id=node-start not found in for instance id=inst-1\n    at E:\\Mini Project\\AWE\\DEV\\awe-backend\\src\\engine\\ExecutionEngine.ts:41:15\n    at processTicksAndRejections (node:internal/process/task_queues:95:5)"
          ],
          "fullName": "ExecutionEngine runNode() constants from start node output are merged into context returned in 'next' outcome",
          "invocations": 1,
          "location": null,
          "numPassingAsserts": 0,
          "retryReasons": [],
          "startAt": 1773581474124,
          "status": "failed",
          "title": "constants from start node output are merged into context returned in 'next' outcome"
        }
      ],
      "endTime": 1773581474202,
      "message": "\u001b[1m\u001b[31m  \u001b[1m● \u001b[22m\u001b[1mExecutionEngine › runNode() › start node COMPLETED → outcome 'next' with nextNodeIds\u001b[39m\u001b[22m\n\n    Node id=node-start not found in for instance id=inst-1\n\u001b[2m\u001b[22m\n\u001b[2m    \u001b[0m \u001b[90m 39 |\u001b[39m\u001b[22m\n\u001b[2m     \u001b[90m 40 |\u001b[39m       \u001b[36mif\u001b[39m (\u001b[33m!\u001b[39mnode) {\u001b[22m\n\u001b[2m    \u001b[31m\u001b[1m>\u001b[22m\u001b[2m\u001b[39m\u001b[90m 41 |\u001b[39m         \u001b[36mthrow\u001b[39m \u001b[36mnew\u001b[39m \u001b[33mDataIntegrityError\u001b[39m(\u001b[22m\n\u001b[2m     \u001b[90m    |\u001b[39m               \u001b[31m\u001b[1m^\u001b[22m\u001b[2m\u001b[39m\u001b[22m\n\u001b[2m     \u001b[90m 42 |\u001b[39m           \u001b[32m`Node id=${nodeId} not found in for instance id=${instance.id}`\u001b[39m\u001b[33m,\u001b[39m\u001b[22m\n\u001b[2m     \u001b[90m 43 |\u001b[39m         )\u001b[33m;\u001b[39m\u001b[22m\n\u001b[2m     \u001b[90m 44 |\u001b[39m       }\u001b[0m\u001b[22m\n\u001b[2m\u001b[22m\n\u001b[2m      \u001b[2mat \u001b[22m\u001b[2msrc/engine/ExecutionEngine.ts\u001b[2m:41:15\u001b[22m\u001b[2m\u001b[22m\n\n\u001b[1m\u001b[31m  \u001b[1m● \u001b[22m\u001b[1mExecutionEngine › runNode() › end node COMPLETED → outcome 'completed', instance status completed\u001b[39m\u001b[22m\n\n    Node id=node-end not found in for instance id=inst-1\n\u001b[2m\u001b[22m\n\u001b[2m    \u001b[0m \u001b[90m 39 |\u001b[39m\u001b[22m\n\u001b[2m     \u001b[90m 40 |\u001b[39m       \u001b[36mif\u001b[39m (\u001b[33m!\u001b[39mnode) {\u001b[22m\n\u001b[2m    \u001b[31m\u001b[1m>\u001b[22m\u001b[2m\u001b[39m\u001b[90m 41 |\u001b[39m         \u001b[36mthrow\u001b[39m \u001b[36mnew\u001b[39m \u001b[33mDataIntegrityError\u001b[39m(\u001b[22m\n\u001b[2m     \u001b[90m    |\u001b[39m               \u001b[31m\u001b[1m^\u001b[22m\u001b[2m\u001b[39m\u001b[22m\n\u001b[2m     \u001b[90m 42 |\u001b[39m           \u001b[32m`Node id=${nodeId} not found in for instance id=${instance.id}`\u001b[39m\u001b[33m,\u001b[39m\u001b[22m\n\u001b[2m     \u001b[90m 43 |\u001b[39m         )\u001b[33m;\u001b[39m\u001b[22m\n\u001b[2m     \u001b[90m 44 |\u001b[39m       }\u001b[0m\u001b[22m\n\u001b[2m\u001b[22m\n\u001b[2m      \u001b[2mat \u001b[22m\u001b[2msrc/engine/ExecutionEngine.ts\u001b[2m:41:15\u001b[22m\u001b[2m\u001b[22m\n\n\u001b[1m\u001b[31m  \u001b[1m● \u001b[22m\u001b[1mExecutionEngine › runNode() › executor returns FAILED → outcome 'failed', instanceRepository.updateById called with FAILED\u001b[39m\u001b[22m\n\n    Node id=node-start not found in for instance id=inst-1\n\u001b[2m\u001b[22m\n\u001b[2m    \u001b[0m \u001b[90m 39 |\u001b[39m\u001b[22m\n\u001b[2m     \u001b[90m 40 |\u001b[39m       \u001b[36mif\u001b[39m (\u001b[33m!\u001b[39mnode) {\u001b[22m\n\u001b[2m    \u001b[31m\u001b[1m>\u001b[22m\u001b[2m\u001b[39m\u001b[90m 41 |\u001b[39m         \u001b[36mthrow\u001b[39m \u001b[36mnew\u001b[39m \u001b[33mDataIntegrityError\u001b[39m(\u001b[22m\n\u001b[2m     \u001b[90m    |\u001b[39m               \u001b[31m\u001b[1m^\u001b[22m\u001b[2m\u001b[39m\u001b[22m\n\u001b[2m     \u001b[90m 42 |\u001b[39m           \u001b[32m`Node id=${nodeId} not found in for instance id=${instance.id}`\u001b[39m\u001b[33m,\u001b[39m\u001b[22m\n\u001b[2m     \u001b[90m 43 |\u001b[39m         )\u001b[33m;\u001b[39m\u001b[22m\n\u001b[2m     \u001b[90m 44 |\u001b[39m       }\u001b[0m\u001b[22m\n\u001b[2m\u001b[22m\n\u001b[2m      \u001b[2mat \u001b[22m\u001b[2msrc/engine/ExecutionEngine.ts\u001b[2m:41:15\u001b[22m\u001b[2m\u001b[22m\n\n\u001b[1m\u001b[31m  \u001b[1m● \u001b[22m\u001b[1mExecutionEngine › runNode() › executor throws → treated as FAILED, outcome 'failed'\u001b[39m\u001b[22m\n\n    Node id=node-start not found in for instance id=inst-1\n\u001b[2m\u001b[22m\n\u001b[2m    \u001b[0m \u001b[90m 39 |\u001b[39m\u001b[22m\n\u001b[2m     \u001b[90m 40 |\u001b[39m       \u001b[36mif\u001b[39m (\u001b[33m!\u001b[39mnode) {\u001b[22m\n\u001b[2m    \u001b[31m\u001b[1m>\u001b[22m\u001b[2m\u001b[39m\u001b[90m 41 |\u001b[39m         \u001b[36mthrow\u001b[39m \u001b[36mnew\u001b[39m \u001b[33mDataIntegrityError\u001b[39m(\u001b[22m\n\u001b[2m     \u001b[90m    |\u001b[39m               \u001b[31m\u001b[1m^\u001b[22m\u001b[2m\u001b[39m\u001b[22m\n\u001b[2m     \u001b[90m 42 |\u001b[39m           \u001b[32m`Node id=${nodeId} not found in for instance id=${instance.id}`\u001b[39m\u001b[33m,\u001b[39m\u001b[22m\n\u001b[2m     \u001b[90m 43 |\u001b[39m         )\u001b[33m;\u001b[39m\u001b[22m\n\u001b[2m     \u001b[90m 44 |\u001b[39m       }\u001b[0m\u001b[22m\n\u001b[2m\u001b[22m\n\u001b[2m      \u001b[2mat \u001b[22m\u001b[2msrc/engine/ExecutionEngine.ts\u001b[2m:41:15\u001b[22m\u001b[2m\u001b[22m\n\n\u001b[1m\u001b[31m  \u001b[1m● \u001b[22m\u001b[1mExecutionEngine › runNode() › node type has no registered executor → throws StateTransitionError\u001b[39m\u001b[22m\n\n    \u001b[2mexpect(\u001b[22m\u001b[31mreceived\u001b[39m\u001b[2m).\u001b[22mrejects\u001b[2m.\u001b[22mtoThrow\u001b[2m(\u001b[22m\u001b[32mexpected\u001b[39m\u001b[2m)\u001b[22m\n\n    Expected constructor: \u001b[32mStateTransitionError\u001b[39m\n    Received constructor: \u001b[31mDataIntegrityError\u001b[39m\n\n    Received message: \u001b[31m\"Node id=node-service not found in for instance id=inst-1\"\u001b[39m\n\n        \u001b[0m \u001b[90m 39 |\u001b[39m\n         \u001b[90m 40 |\u001b[39m       \u001b[36mif\u001b[39m (\u001b[33m!\u001b[39mnode) {\n        \u001b[31m\u001b[1m>\u001b[22m\u001b[39m\u001b[90m 41 |\u001b[39m         \u001b[36mthrow\u001b[39m \u001b[36mnew\u001b[39m \u001b[33mDataIntegrityError\u001b[39m(\n         \u001b[90m    |\u001b[39m               \u001b[31m\u001b[1m^\u001b[22m\u001b[39m\n         \u001b[90m 42 |\u001b[39m           \u001b[32m`Node id=${nodeId} not found in for instance id=${instance.id}`\u001b[39m\u001b[33m,\u001b[39m\n         \u001b[90m 43 |\u001b[39m         )\u001b[33m;\u001b[39m\n         \u001b[90m 44 |\u001b[39m       }\u001b[0m\n\n          \u001b[2mat \u001b[22msrc/engine/ExecutionEngine.ts\u001b[2m:41:15\u001b[22m\n\u001b[2m\u001b[22m\n\u001b[2m    \u001b[0m \u001b[90m 197 |\u001b[39m       \u001b[36mawait\u001b[39m expect(\u001b[22m\n\u001b[2m     \u001b[90m 198 |\u001b[39m         executionEngine\u001b[33m.\u001b[39mrunNode(mockInstance\u001b[33m,\u001b[39m \u001b[32m\"node-service\"\u001b[39m\u001b[33m,\u001b[39m emptyContext)\u001b[33m,\u001b[39m\u001b[22m\n\u001b[2m    \u001b[31m\u001b[1m>\u001b[22m\u001b[2m\u001b[39m\u001b[90m 199 |\u001b[39m       )\u001b[33m.\u001b[39mrejects\u001b[33m.\u001b[39mtoThrow(\u001b[33mStateTransitionError\u001b[39m)\u001b[33m;\u001b[39m\u001b[22m\n\u001b[2m     \u001b[90m     |\u001b[39m                 \u001b[31m\u001b[1m^\u001b[22m\u001b[2m\u001b[39m\u001b[22m\n\u001b[2m     \u001b[90m 200 |\u001b[39m     })\u001b[33m;\u001b[39m\u001b[22m\n\u001b[2m     \u001b[90m 201 |\u001b[39m\u001b[22m\n\u001b[2m     \u001b[90m 202 |\u001b[39m     it(\u001b[32m\"user task node returns IN_PROGRESS → outcome 'user_task', instance set to PAUSED\"\u001b[39m\u001b[33m,\u001b[39m \u001b[36masync\u001b[39m () \u001b[33m=>\u001b[39m {\u001b[0m\u001b[22m\n\u001b[2m\u001b[22m\n\u001b[2m      \u001b[2mat Object.toThrow (\u001b[22m\u001b[2mnode_modules/expect/build/index.js\u001b[2m:2155:20)\u001b[22m\u001b[2m\u001b[22m\n\u001b[2m      \u001b[2mat Object.<anonymous> (\u001b[22m\u001b[2m\u001b[0m\u001b[36mtests/engine/ExecutionEngine.test.ts\u001b[39m\u001b[0m\u001b[2m:199:17)\u001b[22m\u001b[2m\u001b[22m\n\n\u001b[1m\u001b[31m  \u001b[1m● \u001b[22m\u001b[1mExecutionEngine › runNode() › user task node returns IN_PROGRESS → outcome 'user_task', instance set to PAUSED\u001b[39m\u001b[22m\n\n    Node id=node-user not found in for instance id=inst-1\n\u001b[2m\u001b[22m\n\u001b[2m    \u001b[0m \u001b[90m 39 |\u001b[39m\u001b[22m\n\u001b[2m     \u001b[90m 40 |\u001b[39m       \u001b[36mif\u001b[39m (\u001b[33m!\u001b[39mnode) {\u001b[22m\n\u001b[2m    \u001b[31m\u001b[1m>\u001b[22m\u001b[2m\u001b[39m\u001b[90m 41 |\u001b[39m         \u001b[36mthrow\u001b[39m \u001b[36mnew\u001b[39m \u001b[33mDataIntegrityError\u001b[39m(\u001b[22m\n\u001b[2m     \u001b[90m    |\u001b[39m               \u001b[31m\u001b[1m^\u001b[22m\u001b[2m\u001b[39m\u001b[22m\n\u001b[2m     \u001b[90m 42 |\u001b[39m           \u001b[32m`Node id=${nodeId} not found in for instance id=${instance.id}`\u001b[39m\u001b[33m,\u001b[39m\u001b[22m\n\u001b[2m     \u001b[90m 43 |\u001b[39m         )\u001b[33m;\u001b[39m\u001b[22m\n\u001b[2m     \u001b[90m 44 |\u001b[39m       }\u001b[0m\u001b[22m\n\u001b[2m\u001b[22m\n\u001b[2m      \u001b[2mat \u001b[22m\u001b[2msrc/engine/ExecutionEngine.ts\u001b[2m:41:15\u001b[22m\u001b[2m\u001b[22m\n\n\u001b[1m\u001b[31m  \u001b[1m● \u001b[22m\u001b[1mExecutionEngine › runNode() › no outgoing edges → outcome 'failed'\u001b[39m\u001b[22m\n\n    Node id=node-start not found in for instance id=inst-1\n\u001b[2m\u001b[22m\n\u001b[2m    \u001b[0m \u001b[90m 39 |\u001b[39m\u001b[22m\n\u001b[2m     \u001b[90m 40 |\u001b[39m       \u001b[36mif\u001b[39m (\u001b[33m!\u001b[39mnode) {\u001b[22m\n\u001b[2m    \u001b[31m\u001b[1m>\u001b[22m\u001b[2m\u001b[39m\u001b[90m 41 |\u001b[39m         \u001b[36mthrow\u001b[39m \u001b[36mnew\u001b[39m \u001b[33mDataIntegrityError\u001b[39m(\u001b[22m\n\u001b[2m     \u001b[90m    |\u001b[39m               \u001b[31m\u001b[1m^\u001b[22m\u001b[2m\u001b[39m\u001b[22m\n\u001b[2m     \u001b[90m 42 |\u001b[39m           \u001b[32m`Node id=${nodeId} not found in for instance id=${instance.id}`\u001b[39m\u001b[33m,\u001b[39m\u001b[22m\n\u001b[2m     \u001b[90m 43 |\u001b[39m         )\u001b[33m;\u001b[39m\u001b[22m\n\u001b[2m     \u001b[90m 44 |\u001b[39m       }\u001b[0m\u001b[22m\n\u001b[2m\u001b[22m\n\u001b[2m      \u001b[2mat \u001b[22m\u001b[2msrc/engine/ExecutionEngine.ts\u001b[2m:41:15\u001b[22m\u001b[2m\u001b[22m\n\n\u001b[1m\u001b[31m  \u001b[1m● \u001b[22m\u001b[1mExecutionEngine › runNode() › end node FAILED → outcome 'failed'\u001b[39m\u001b[22m\n\n    Node id=node-end not found in for instance id=inst-1\n\u001b[2m\u001b[22m\n\u001b[2m    \u001b[0m \u001b[90m 39 |\u001b[39m\u001b[22m\n\u001b[2m     \u001b[90m 40 |\u001b[39m       \u001b[36mif\u001b[39m (\u001b[33m!\u001b[39mnode) {\u001b[22m\n\u001b[2m    \u001b[31m\u001b[1m>\u001b[22m\u001b[2m\u001b[39m\u001b[90m 41 |\u001b[39m         \u001b[36mthrow\u001b[39m \u001b[36mnew\u001b[39m \u001b[33mDataIntegrityError\u001b[39m(\u001b[22m\n\u001b[2m     \u001b[90m    |\u001b[39m               \u001b[31m\u001b[1m^\u001b[22m\u001b[2m\u001b[39m\u001b[22m\n\u001b[2m     \u001b[90m 42 |\u001b[39m           \u001b[32m`Node id=${nodeId} not found in for instance id=${instance.id}`\u001b[39m\u001b[33m,\u001b[39m\u001b[22m\n\u001b[2m     \u001b[90m 43 |\u001b[39m         )\u001b[33m;\u001b[39m\u001b[22m\n\u001b[2m     \u001b[90m 44 |\u001b[39m       }\u001b[0m\u001b[22m\n\u001b[2m\u001b[22m\n\u001b[2m      \u001b[2mat \u001b[22m\u001b[2msrc/engine/ExecutionEngine.ts\u001b[2m:41:15\u001b[22m\u001b[2m\u001b[22m\n\n\u001b[1m\u001b[31m  \u001b[1m● \u001b[22m\u001b[1mExecutionEngine › runNode() › edgeResolver throws StateTransitionError → outcome 'failed'\u001b[39m\u001b[22m\n\n    Node id=node-start not found in for instance id=inst-1\n\u001b[2m\u001b[22m\n\u001b[2m    \u001b[0m \u001b[90m 39 |\u001b[39m\u001b[22m\n\u001b[2m     \u001b[90m 40 |\u001b[39m       \u001b[36mif\u001b[39m (\u001b[33m!\u001b[39mnode) {\u001b[22m\n\u001b[2m    \u001b[31m\u001b[1m>\u001b[22m\u001b[2m\u001b[39m\u001b[90m 41 |\u001b[39m         \u001b[36mthrow\u001b[39m \u001b[36mnew\u001b[39m \u001b[33mDataIntegrityError\u001b[39m(\u001b[22m\n\u001b[2m     \u001b[90m    |\u001b[39m               \u001b[31m\u001b[1m^\u001b[22m\u001b[2m\u001b[39m\u001b[22m\n\u001b[2m     \u001b[90m 42 |\u001b[39m           \u001b[32m`Node id=${nodeId} not found in for instance id=${instance.id}`\u001b[39m\u001b[33m,\u001b[39m\u001b[22m\n\u001b[2m     \u001b[90m 43 |\u001b[39m         )\u001b[33m;\u001b[39m\u001b[22m\n\u001b[2m     \u001b[90m 44 |\u001b[39m       }\u001b[0m\u001b[22m\n\u001b[2m\u001b[22m\n\u001b[2m      \u001b[2mat \u001b[22m\u001b[2msrc/engine/ExecutionEngine.ts\u001b[2m:41:15\u001b[22m\u001b[2m\u001b[22m\n\n\u001b[1m\u001b[31m  \u001b[1m● \u001b[22m\u001b[1mExecutionEngine › runNode() › taskRepository.insert is called once per runNode call\u001b[39m\u001b[22m\n\n    Node id=node-start not found in for instance id=inst-1\n\u001b[2m\u001b[22m\n\u001b[2m    \u001b[0m \u001b[90m 39 |\u001b[39m\u001b[22m\n\u001b[2m     \u001b[90m 40 |\u001b[39m       \u001b[36mif\u001b[39m (\u001b[33m!\u001b[39mnode) {\u001b[22m\n\u001b[2m    \u001b[31m\u001b[1m>\u001b[22m\u001b[2m\u001b[39m\u001b[90m 41 |\u001b[39m         \u001b[36mthrow\u001b[39m \u001b[36mnew\u001b[39m \u001b[33mDataIntegrityError\u001b[39m(\u001b[22m\n\u001b[2m     \u001b[90m    |\u001b[39m               \u001b[31m\u001b[1m^\u001b[22m\u001b[2m\u001b[39m\u001b[22m\n\u001b[2m     \u001b[90m 42 |\u001b[39m           \u001b[32m`Node id=${nodeId} not found in for instance id=${instance.id}`\u001b[39m\u001b[33m,\u001b[39m\u001b[22m\n\u001b[2m     \u001b[90m 43 |\u001b[39m         )\u001b[33m;\u001b[39m\u001b[22m\n\u001b[2m     \u001b[90m 44 |\u001b[39m       }\u001b[0m\u001b[22m\n\u001b[2m\u001b[22m\n\u001b[2m      \u001b[2mat \u001b[22m\u001b[2msrc/engine/ExecutionEngine.ts\u001b[2m:41:15\u001b[22m\u001b[2m\u001b[22m\n\n\u001b[1m\u001b[31m  \u001b[1m● \u001b[22m\u001b[1mExecutionEngine › runNode() › taskExecutionRepository.insert is called once per runNode call\u001b[39m\u001b[22m\n\n    Node id=node-start not found in for instance id=inst-1\n\u001b[2m\u001b[22m\n\u001b[2m    \u001b[0m \u001b[90m 39 |\u001b[39m\u001b[22m\n\u001b[2m     \u001b[90m 40 |\u001b[39m       \u001b[36mif\u001b[39m (\u001b[33m!\u001b[39mnode) {\u001b[22m\n\u001b[2m    \u001b[31m\u001b[1m>\u001b[22m\u001b[2m\u001b[39m\u001b[90m 41 |\u001b[39m         \u001b[36mthrow\u001b[39m \u001b[36mnew\u001b[39m \u001b[33mDataIntegrityError\u001b[39m(\u001b[22m\n\u001b[2m     \u001b[90m    |\u001b[39m               \u001b[31m\u001b[1m^\u001b[22m\u001b[2m\u001b[39m\u001b[22m\n\u001b[2m     \u001b[90m 42 |\u001b[39m           \u001b[32m`Node id=${nodeId} not found in for instance id=${instance.id}`\u001b[39m\u001b[33m,\u001b[39m\u001b[22m\n\u001b[2m     \u001b[90m 43 |\u001b[39m         )\u001b[33m;\u001b[39m\u001b[22m\n\u001b[2m     \u001b[90m 44 |\u001b[39m       }\u001b[0m\u001b[22m\n\u001b[2m\u001b[22m\n\u001b[2m      \u001b[2mat \u001b[22m\u001b[2msrc/engine/ExecutionEngine.ts\u001b[2m:41:15\u001b[22m\u001b[2m\u001b[22m\n\n\u001b[1m\u001b[31m  \u001b[1m● \u001b[22m\u001b[1mExecutionEngine › runNode() › constants from start node output are merged into context returned in 'next' outcome\u001b[39m\u001b[22m\n\n    Node id=node-start not found in for instance id=inst-1\n\u001b[2m\u001b[22m\n\u001b[2m    \u001b[0m \u001b[90m 39 |\u001b[39m\u001b[22m\n\u001b[2m     \u001b[90m 40 |\u001b[39m       \u001b[36mif\u001b[39m (\u001b[33m!\u001b[39mnode) {\u001b[22m\n\u001b[2m    \u001b[31m\u001b[1m>\u001b[22m\u001b[2m\u001b[39m\u001b[90m 41 |\u001b[39m         \u001b[36mthrow\u001b[39m \u001b[36mnew\u001b[39m \u001b[33mDataIntegrityError\u001b[39m(\u001b[22m\n\u001b[2m     \u001b[90m    |\u001b[39m               \u001b[31m\u001b[1m^\u001b[22m\u001b[2m\u001b[39m\u001b[22m\n\u001b[2m     \u001b[90m 42 |\u001b[39m           \u001b[32m`Node id=${nodeId} not found in for instance id=${instance.id}`\u001b[39m\u001b[33m,\u001b[39m\u001b[22m\n\u001b[2m     \u001b[90m 43 |\u001b[39m         )\u001b[33m;\u001b[39m\u001b[22m\n\u001b[2m     \u001b[90m 44 |\u001b[39m       }\u001b[0m\u001b[22m\n\u001b[2m\u001b[22m\n\u001b[2m      \u001b[2mat \u001b[22m\u001b[2msrc/engine/ExecutionEngine.ts\u001b[2m:41:15\u001b[22m\u001b[2m\u001b[22m\n",
      "name": "E:\\Mini Project\\AWE\\DEV\\awe-backend\\tests\\engine\\ExecutionEngine.test.ts",
      "startTime": 1773581469571,
      "status": "failed",
      "summary": ""
    },
    {
      "assertionResults": [
        {
          "ancestorTitles": ["BullMQQueue", "enqueue()"],
          "duration": 9,
          "failing": false,
          "failureDetails": [],
          "failureMessages": [],
          "fullName": "BullMQQueue enqueue() calls queue.add() with the job data and correct options",
          "invocations": 1,
          "location": null,
          "numPassingAsserts": 1,
          "retryReasons": [],
          "startAt": 1773581474412,
          "status": "passed",
          "title": "calls queue.add() with the job data and correct options"
        },
        {
          "ancestorTitles": ["BullMQQueue", "enqueue()"],
          "duration": 2,
          "failing": false,
          "failureDetails": [],
          "failureMessages": [],
          "fullName": "BullMQQueue enqueue() sets jobId to instanceId-nodeId for deduplication",
          "invocations": 1,
          "location": null,
          "numPassingAsserts": 1,
          "retryReasons": [],
          "startAt": 1773581474421,
          "status": "passed",
          "title": "sets jobId to instanceId-nodeId for deduplication"
        },
        {
          "ancestorTitles": ["BullMQQueue", "enqueue()"],
          "duration": 2,
          "failing": false,
          "failureDetails": [],
          "failureMessages": [],
          "fullName": "BullMQQueue enqueue() sets attempts: 3 and exponential backoff",
          "invocations": 1,
          "location": null,
          "numPassingAsserts": 2,
          "retryReasons": [],
          "startAt": 1773581474423,
          "status": "passed",
          "title": "sets attempts: 3 and exponential backoff"
        },
        {
          "ancestorTitles": ["BullMQQueue", "enqueue()"],
          "duration": 1,
          "failing": false,
          "failureDetails": [],
          "failureMessages": [],
          "fullName": "BullMQQueue enqueue() uses the EXECUTION_QUEUE_NAME constant as the queue name",
          "invocations": 1,
          "location": null,
          "numPassingAsserts": 1,
          "retryReasons": [],
          "startAt": 1773581474426,
          "status": "passed",
          "title": "uses the EXECUTION_QUEUE_NAME constant as the queue name"
        },
        {
          "ancestorTitles": ["BullMQQueue", "close()"],
          "duration": 1,
          "failing": false,
          "failureDetails": [],
          "failureMessages": [],
          "fullName": "BullMQQueue close() calls queue.close()",
          "invocations": 1,
          "location": null,
          "numPassingAsserts": 1,
          "retryReasons": [],
          "startAt": 1773581474427,
          "status": "passed",
          "title": "calls queue.close()"
        }
      ],
      "endTime": 1773581474430,
      "message": "",
      "name": "E:\\Mini Project\\AWE\\DEV\\awe-backend\\tests\\engine\\queue\\BullMQQueue.test.ts",
      "startTime": 1773581473999,
      "status": "passed",
      "summary": ""
    },
    {
      "assertionResults": [],
      "coverage": {},
      "endTime": 1773581479517,
      "message": "  \u001b[1m● \u001b[22mTest suite failed to run\n\n    Missing environment variables: REDIS_HOST, REDIS_PORT, REDIS_PASSWORD\n\n    \u001b[0m \u001b[90m 20 |\u001b[39m\n     \u001b[90m 21 |\u001b[39m   \u001b[36mif\u001b[39m (missing\u001b[33m.\u001b[39mlength \u001b[33m>\u001b[39m \u001b[35m0\u001b[39m) {\n    \u001b[31m\u001b[1m>\u001b[22m\u001b[39m\u001b[90m 22 |\u001b[39m     \u001b[36mthrow\u001b[39m \u001b[36mnew\u001b[39m \u001b[33mAppError\u001b[39m(\u001b[32m`Missing environment variables: ${missing.join(\", \")}`\u001b[39m)\u001b[33m;\u001b[39m\n     \u001b[90m    |\u001b[39m           \u001b[31m\u001b[1m^\u001b[22m\u001b[39m\n     \u001b[90m 23 |\u001b[39m   }\n     \u001b[90m 24 |\u001b[39m }\n     \u001b[90m 25 |\u001b[39m\u001b[0m\n\n      \u001b[2mat validateConfig (\u001b[22msrc/config.ts\u001b[2m:22:11)\u001b[22m\n      \u001b[2mat Object.validateConfig (\u001b[22msrc/config.ts\u001b[2m:26:1)\u001b[22m\n      \u001b[2mat Object.<anonymous> (\u001b[22msrc/database.ts\u001b[2m:4:1)\u001b[22m\n      \u001b[2mat Object.require (\u001b[22msrc/repositories/instance.repository.ts\u001b[2m:4:1)\u001b[22m\n      \u001b[2mat Object.require (\u001b[22msrc/engine/queue/ExecutionWorker.ts\u001b[2m:4:1)\u001b[22m\n      \u001b[2mat Object.<anonymous> (\u001b[22m\u001b[0m\u001b[36mtests/engine/queue/BullMQWorker.test.ts\u001b[39m\u001b[0m\u001b[2m:1:1)\u001b[22m\n",
      "name": "E:\\Mini Project\\AWE\\DEV\\awe-backend\\tests\\engine\\queue\\BullMQWorker.test.ts",
      "startTime": 1773581479517,
      "status": "failed",
      "summary": ""
    },
    {
      "assertionResults": [],
      "coverage": {},
      "endTime": 1773581479517,
      "message": "  \u001b[1m● \u001b[22mTest suite failed to run\n\n    Missing environment variables: REDIS_HOST, REDIS_PORT, REDIS_PASSWORD\n\n    \u001b[0m \u001b[90m 20 |\u001b[39m\n     \u001b[90m 21 |\u001b[39m   \u001b[36mif\u001b[39m (missing\u001b[33m.\u001b[39mlength \u001b[33m>\u001b[39m \u001b[35m0\u001b[39m) {\n    \u001b[31m\u001b[1m>\u001b[22m\u001b[39m\u001b[90m 22 |\u001b[39m     \u001b[36mthrow\u001b[39m \u001b[36mnew\u001b[39m \u001b[33mAppError\u001b[39m(\u001b[32m`Missing environment variables: ${missing.join(\", \")}`\u001b[39m)\u001b[33m;\u001b[39m\n     \u001b[90m    |\u001b[39m           \u001b[31m\u001b[1m^\u001b[22m\u001b[39m\n     \u001b[90m 23 |\u001b[39m   }\n     \u001b[90m 24 |\u001b[39m }\n     \u001b[90m 25 |\u001b[39m\u001b[0m\n\n      \u001b[2mat validateConfig (\u001b[22msrc/config.ts\u001b[2m:22:11)\u001b[22m\n      \u001b[2mat Object.validateConfig (\u001b[22msrc/config.ts\u001b[2m:26:1)\u001b[22m\n      \u001b[2mat Object.<anonymous> (\u001b[22msrc/database.ts\u001b[2m:4:1)\u001b[22m\n      \u001b[2mat Object.require (\u001b[22msrc/repositories/task.repository.ts\u001b[2m:1:1)\u001b[22m\n      \u001b[2mat Object.require (\u001b[22msrc/services/task.service.ts\u001b[2m:1:1)\u001b[22m\n      \u001b[2mat Object.<anonymous> (\u001b[22m\u001b[0m\u001b[36mtests/services/task.service.test.ts\u001b[39m\u001b[0m\u001b[2m:1:1)\u001b[22m\n",
      "name": "E:\\Mini Project\\AWE\\DEV\\awe-backend\\tests\\services\\task.service.test.ts",
      "startTime": 1773581479517,
      "status": "failed",
      "summary": ""
    },
    {
      "assertionResults": [],
      "coverage": {},
      "endTime": 1773581479517,
      "message": "  \u001b[1m● \u001b[22mTest suite failed to run\n\n    Missing environment variables: REDIS_HOST, REDIS_PORT, REDIS_PASSWORD\n\n    \u001b[0m \u001b[90m 20 |\u001b[39m\n     \u001b[90m 21 |\u001b[39m   \u001b[36mif\u001b[39m (missing\u001b[33m.\u001b[39mlength \u001b[33m>\u001b[39m \u001b[35m0\u001b[39m) {\n    \u001b[31m\u001b[1m>\u001b[22m\u001b[39m\u001b[90m 22 |\u001b[39m     \u001b[36mthrow\u001b[39m \u001b[36mnew\u001b[39m \u001b[33mAppError\u001b[39m(\u001b[32m`Missing environment variables: ${missing.join(\", \")}`\u001b[39m)\u001b[33m;\u001b[39m\n     \u001b[90m    |\u001b[39m           \u001b[31m\u001b[1m^\u001b[22m\u001b[39m\n     \u001b[90m 23 |\u001b[39m   }\n     \u001b[90m 24 |\u001b[39m }\n     \u001b[90m 25 |\u001b[39m\u001b[0m\n\n      \u001b[2mat validateConfig (\u001b[22msrc/config.ts\u001b[2m:22:11)\u001b[22m\n      \u001b[2mat Object.validateConfig (\u001b[22msrc/config.ts\u001b[2m:26:1)\u001b[22m\n      \u001b[2mat Object.require (\u001b[22msrc/config/redis.ts\u001b[2m:2:1)\u001b[22m\n      \u001b[2mat Object.require (\u001b[22msrc/services/queue.service.ts\u001b[2m:4:1)\u001b[22m\n      \u001b[2mat Object.require (\u001b[22msrc/services/userTask.service.ts\u001b[2m:8:1)\u001b[22m\n      \u001b[2mat Object.<anonymous> (\u001b[22m\u001b[0m\u001b[36mtests/services/userTask.service.test.ts\u001b[39m\u001b[0m\u001b[2m:1:1)\u001b[22m\n",
      "name": "E:\\Mini Project\\AWE\\DEV\\awe-backend\\tests\\services\\userTask.service.test.ts",
      "startTime": 1773581479517,
      "status": "failed",
      "summary": ""
    },
    {
      "assertionResults": [],
      "coverage": {},
      "endTime": 1773581479517,
      "message": "  \u001b[1m● \u001b[22mTest suite failed to run\n\n    Missing environment variables: REDIS_HOST, REDIS_PORT, REDIS_PASSWORD\n\n    \u001b[0m \u001b[90m 20 |\u001b[39m\n     \u001b[90m 21 |\u001b[39m   \u001b[36mif\u001b[39m (missing\u001b[33m.\u001b[39mlength \u001b[33m>\u001b[39m \u001b[35m0\u001b[39m) {\n    \u001b[31m\u001b[1m>\u001b[22m\u001b[39m\u001b[90m 22 |\u001b[39m     \u001b[36mthrow\u001b[39m \u001b[36mnew\u001b[39m \u001b[33mAppError\u001b[39m(\u001b[32m`Missing environment variables: ${missing.join(\", \")}`\u001b[39m)\u001b[33m;\u001b[39m\n     \u001b[90m    |\u001b[39m           \u001b[31m\u001b[1m^\u001b[22m\u001b[39m\n     \u001b[90m 23 |\u001b[39m   }\n     \u001b[90m 24 |\u001b[39m }\n     \u001b[90m 25 |\u001b[39m\u001b[0m\n\n      \u001b[2mat validateConfig (\u001b[22msrc/config.ts\u001b[2m:22:11)\u001b[22m\n      \u001b[2mat Object.validateConfig (\u001b[22msrc/config.ts\u001b[2m:26:1)\u001b[22m\n      \u001b[2mat Object.require (\u001b[22msrc/services/apiKey.service.ts\u001b[2m:1:1)\u001b[22m\n      \u001b[2mat Object.<anonymous> (\u001b[22m\u001b[0m\u001b[36mtests/services/apiKey.service.test.ts\u001b[39m\u001b[0m\u001b[2m:1:1)\u001b[22m\n",
      "name": "E:\\Mini Project\\AWE\\DEV\\awe-backend\\tests\\services\\apiKey.service.test.ts",
      "startTime": 1773581479517,
      "status": "failed",
      "summary": ""
    },
    {
      "assertionResults": [],
      "coverage": {},
      "endTime": 1773581479517,
      "message": "  \u001b[1m● \u001b[22mTest suite failed to run\n\n    Missing environment variables: REDIS_HOST, REDIS_PORT, REDIS_PASSWORD\n\n    \u001b[0m \u001b[90m 20 |\u001b[39m\n     \u001b[90m 21 |\u001b[39m   \u001b[36mif\u001b[39m (missing\u001b[33m.\u001b[39mlength \u001b[33m>\u001b[39m \u001b[35m0\u001b[39m) {\n    \u001b[31m\u001b[1m>\u001b[22m\u001b[39m\u001b[90m 22 |\u001b[39m     \u001b[36mthrow\u001b[39m \u001b[36mnew\u001b[39m \u001b[33mAppError\u001b[39m(\u001b[32m`Missing environment variables: ${missing.join(\", \")}`\u001b[39m)\u001b[33m;\u001b[39m\n     \u001b[90m    |\u001b[39m           \u001b[31m\u001b[1m^\u001b[22m\u001b[39m\n     \u001b[90m 23 |\u001b[39m   }\n     \u001b[90m 24 |\u001b[39m }\n     \u001b[90m 25 |\u001b[39m\u001b[0m\n\n      \u001b[2mat validateConfig (\u001b[22msrc/config.ts\u001b[2m:22:11)\u001b[22m\n      \u001b[2mat Object.validateConfig (\u001b[22msrc/config.ts\u001b[2m:26:1)\u001b[22m\n      \u001b[2mat Object.<anonymous> (\u001b[22msrc/database.ts\u001b[2m:4:1)\u001b[22m\n      \u001b[2mat Object.require (\u001b[22msrc/repositories/organization.repository.ts\u001b[2m:1:1)\u001b[22m\n      \u001b[2mat Object.require (\u001b[22msrc/services/auth.service.ts\u001b[2m:3:1)\u001b[22m\n      \u001b[2mat Object.<anonymous> (\u001b[22m\u001b[0m\u001b[36mtests/services/auth.service.test.ts\u001b[39m\u001b[0m\u001b[2m:1:1)\u001b[22m\n",
      "name": "E:\\Mini Project\\AWE\\DEV\\awe-backend\\tests\\services\\auth.service.test.ts",
      "startTime": 1773581479517,
      "status": "failed",
      "summary": ""
    },
    {
      "assertionResults": [],
      "coverage": {},
      "endTime": 1773581479517,
      "message": "  \u001b[1m● \u001b[22mTest suite failed to run\n\n    Missing environment variables: REDIS_HOST, REDIS_PORT, REDIS_PASSWORD\n\n    \u001b[0m \u001b[90m 20 |\u001b[39m\n     \u001b[90m 21 |\u001b[39m   \u001b[36mif\u001b[39m (missing\u001b[33m.\u001b[39mlength \u001b[33m>\u001b[39m \u001b[35m0\u001b[39m) {\n    \u001b[31m\u001b[1m>\u001b[22m\u001b[39m\u001b[90m 22 |\u001b[39m     \u001b[36mthrow\u001b[39m \u001b[36mnew\u001b[39m \u001b[33mAppError\u001b[39m(\u001b[32m`Missing environment variables: ${missing.join(\", \")}`\u001b[39m)\u001b[33m;\u001b[39m\n     \u001b[90m    |\u001b[39m           \u001b[31m\u001b[1m^\u001b[22m\u001b[39m\n     \u001b[90m 23 |\u001b[39m   }\n     \u001b[90m 24 |\u001b[39m }\n     \u001b[90m 25 |\u001b[39m\u001b[0m\n\n      \u001b[2mat validateConfig (\u001b[22msrc/config.ts\u001b[2m:22:11)\u001b[22m\n      \u001b[2mat Object.validateConfig (\u001b[22msrc/config.ts\u001b[2m:26:1)\u001b[22m\n      \u001b[2mat Object.require (\u001b[22msrc/services/apiKey.service.ts\u001b[2m:1:1)\u001b[22m\n      \u001b[2mat Object.require (\u001b[22msrc/controllers/apiKey.controller.ts\u001b[2m:2:1)\u001b[22m\n      \u001b[2mat Object.<anonymous> (\u001b[22m\u001b[0m\u001b[36mtests/controllers/apiKey.controller.test.ts\u001b[39m\u001b[0m\u001b[2m:1:1)\u001b[22m\n",
      "name": "E:\\Mini Project\\AWE\\DEV\\awe-backend\\tests\\controllers\\apiKey.controller.test.ts",
      "startTime": 1773581479517,
      "status": "failed",
      "summary": ""
    },
    {
      "assertionResults": [],
      "coverage": {},
      "endTime": 1773581479517,
      "message": "  \u001b[1m● \u001b[22mTest suite failed to run\n\n    Missing environment variables: REDIS_HOST, REDIS_PORT, REDIS_PASSWORD\n\n    \u001b[0m \u001b[90m 20 |\u001b[39m\n     \u001b[90m 21 |\u001b[39m   \u001b[36mif\u001b[39m (missing\u001b[33m.\u001b[39mlength \u001b[33m>\u001b[39m \u001b[35m0\u001b[39m) {\n    \u001b[31m\u001b[1m>\u001b[22m\u001b[39m\u001b[90m 22 |\u001b[39m     \u001b[36mthrow\u001b[39m \u001b[36mnew\u001b[39m \u001b[33mAppError\u001b[39m(\u001b[32m`Missing environment variables: ${missing.join(\", \")}`\u001b[39m)\u001b[33m;\u001b[39m\n     \u001b[90m    |\u001b[39m           \u001b[31m\u001b[1m^\u001b[22m\u001b[39m\n     \u001b[90m 23 |\u001b[39m   }\n     \u001b[90m 24 |\u001b[39m }\n     \u001b[90m 25 |\u001b[39m\u001b[0m\n\n      \u001b[2mat validateConfig (\u001b[22msrc/config.ts\u001b[2m:22:11)\u001b[22m\n      \u001b[2mat Object.validateConfig (\u001b[22msrc/config.ts\u001b[2m:26:1)\u001b[22m\n      \u001b[2mat Object.<anonymous> (\u001b[22msrc/database.ts\u001b[2m:4:1)\u001b[22m\n      \u001b[2mat Object.require (\u001b[22msrc/repositories/organization.repository.ts\u001b[2m:1:1)\u001b[22m\n      \u001b[2mat Object.require (\u001b[22msrc/services/auth.service.ts\u001b[2m:3:1)\u001b[22m\n      \u001b[2mat Object.require (\u001b[22msrc/middlewares/auth.middleware.ts\u001b[2m:4:1)\u001b[22m\n      \u001b[2mat Object.<anonymous> (\u001b[22m\u001b[0m\u001b[36mtests/middlewares/auth.middleware.test.ts\u001b[39m\u001b[0m\u001b[2m:1:1)\u001b[22m\n",
      "name": "E:\\Mini Project\\AWE\\DEV\\awe-backend\\tests\\middlewares\\auth.middleware.test.ts",
      "startTime": 1773581479517,
      "status": "failed",
      "summary": ""
    },
    {
      "assertionResults": [],
      "coverage": {},
      "endTime": 1773581479517,
      "message": "  \u001b[1m● \u001b[22mTest suite failed to run\n\n    Missing environment variables: REDIS_HOST, REDIS_PORT, REDIS_PASSWORD\n\n    \u001b[0m \u001b[90m 20 |\u001b[39m\n     \u001b[90m 21 |\u001b[39m   \u001b[36mif\u001b[39m (missing\u001b[33m.\u001b[39mlength \u001b[33m>\u001b[39m \u001b[35m0\u001b[39m) {\n    \u001b[31m\u001b[1m>\u001b[22m\u001b[39m\u001b[90m 22 |\u001b[39m     \u001b[36mthrow\u001b[39m \u001b[36mnew\u001b[39m \u001b[33mAppError\u001b[39m(\u001b[32m`Missing environment variables: ${missing.join(\", \")}`\u001b[39m)\u001b[33m;\u001b[39m\n     \u001b[90m    |\u001b[39m           \u001b[31m\u001b[1m^\u001b[22m\u001b[39m\n     \u001b[90m 23 |\u001b[39m   }\n     \u001b[90m 24 |\u001b[39m }\n     \u001b[90m 25 |\u001b[39m\u001b[0m\n\n      \u001b[2mat validateConfig (\u001b[22msrc/config.ts\u001b[2m:22:11)\u001b[22m\n      \u001b[2mat Object.validateConfig (\u001b[22msrc/config.ts\u001b[2m:26:1)\u001b[22m\n      \u001b[2mat Object.<anonymous> (\u001b[22msrc/database.ts\u001b[2m:4:1)\u001b[22m\n      \u001b[2mat Object.require (\u001b[22msrc/repositories/task.repository.ts\u001b[2m:1:1)\u001b[22m\n      \u001b[2mat Object.require (\u001b[22msrc/services/task.service.ts\u001b[2m:1:1)\u001b[22m\n      \u001b[2mat Object.require (\u001b[22msrc/controllers/task.controller.ts\u001b[2m:2:1)\u001b[22m\n      \u001b[2mat Object.<anonymous> (\u001b[22m\u001b[0m\u001b[36mtests/controllers/task.controller.test.ts\u001b[39m\u001b[0m\u001b[2m:1:1)\u001b[22m\n",
      "name": "E:\\Mini Project\\AWE\\DEV\\awe-backend\\tests\\controllers\\task.controller.test.ts",
      "startTime": 1773581479517,
      "status": "failed",
      "summary": ""
    },
    {
      "assertionResults": [],
      "coverage": {},
      "endTime": 1773581479517,
[...]
          "end": { "line": 68, "column": 12 }
        },
        "18": {
          "start": { "line": 72, "column": 6 },
          "end": { "line": 72, "column": 72 }
        }
      },
      "fnMap": {
        "0": {
          "name": "(anonymous_0)",
          "decl": {
            "start": { "line": 10, "column": 22 },
            "end": { "line": 10, "column": 27 }
          },
          "loc": {
            "start": { "line": 10, "column": 74 },
            "end": { "line": 17, "column": 3 }
          }
        },
        "1": {
          "name": "(anonymous_1)",
          "decl": {
            "start": { "line": 19, "column": 17 },
            "end": { "line": 19, "column": 22 }
          },
          "loc": {
            "start": { "line": 22, "column": 28 },
            "end": { "line": 38, "column": 3 }
          }
        },
        "2": {
          "name": "(anonymous_2)",
          "decl": {
            "start": { "line": 27, "column": 15 },
            "end": { "line": 27, "column": 16 }
          },
          "loc": {
            "start": { "line": 28, "column": 10 },
            "end": { "line": 31, "column": 12 }
          }
        },
        "3": {
          "name": "(anonymous_3)",
          "decl": {
            "start": { "line": 40, "column": 14 },
            "end": { "line": 40, "column": 19 }
          },
          "loc": {
            "start": { "line": 43, "column": 28 },
            "end": { "line": 54, "column": 3 }
          }
        },
        "4": {
          "name": "(anonymous_4)",
          "decl": {
            "start": { "line": 56, "column": 19 },
            "end": { "line": 56, "column": 24 }
          },
          "loc": {
            "start": { "line": 59, "column": 21 },
            "end": { "line": 74, "column": 3 }
          }
        },
        "5": {
          "name": "(anonymous_5)",
          "decl": {
            "start": { "line": 64, "column": 15 },
            "end": { "line": 64, "column": 16 }
          },
          "loc": {
            "start": { "line": 65, "column": 10 },
            "end": { "line": 68, "column": 12 }
          }
        }
      },
      "branchMap": {
        "0": {
          "loc": {
            "start": { "line": 11, "column": 18 },
            "end": { "line": 11, "column": 35 }
          },
          "type": "binary-expr",
          "locations": [
            {
              "start": { "line": 11, "column": 18 },
              "end": { "line": 11, "column": 29 }
            },
            {
              "start": { "line": 11, "column": 33 },
              "end": { "line": 11, "column": 35 }
            }
          ]
        },
        "1": {
          "loc": {
            "start": { "line": 24, "column": 20 },
            "end": { "line": 24, "column": 37 }
          },
          "type": "binary-expr",
          "locations": [
            {
              "start": { "line": 24, "column": 20 },
              "end": { "line": 24, "column": 31 }
            },
            {
              "start": { "line": 24, "column": 35 },
              "end": { "line": 24, "column": 37 }
            }
          ]
        },
        "2": {
          "loc": {
            "start": { "line": 44, "column": 4 },
            "end": { "line": 44, "column": 37 }
          },
          "type": "if",
          "locations": [
            {
              "start": { "line": 44, "column": 4 },
              "end": { "line": 44, "column": 37 }
            },
            { "start": {}, "end": {} }
          ]
        },
        "3": {
          "loc": {
            "start": { "line": 46, "column": 20 },
            "end": { "line": 46, "column": 37 }
          },
          "type": "binary-expr",
          "locations": [
            {
              "start": { "line": 46, "column": 20 },
              "end": { "line": 46, "column": 31 }
            },
            {
              "start": { "line": 46, "column": 35 },
              "end": { "line": 46, "column": 37 }
            }
          ]
        },
        "4": {
          "loc": {
            "start": { "line": 60, "column": 4 },
            "end": { "line": 60, "column": 37 }
          },
          "type": "if",
          "locations": [
            {
              "start": { "line": 60, "column": 4 },
              "end": { "line": 60, "column": 37 }
            },
            { "start": {}, "end": {} }
          ]
        },
        "5": {
          "loc": {
            "start": { "line": 62, "column": 13 },
            "end": { "line": 62, "column": 30 }
          },
          "type": "binary-expr",
          "locations": [
            {
              "start": { "line": 62, "column": 13 },
              "end": { "line": 62, "column": 24 }
            },
            {
              "start": { "line": 62, "column": 28 },
              "end": { "line": 62, "column": 30 }
            }
          ]
        }
      },
      "s": {
        "0": 1,
        "1": 1,
        "2": 1,
        "3": 0,
        "4": 0,
        "5": 0,
        "6": 0,
        "7": 0,
        "8": 0,
        "9": 0,
        "10": 0,
        "11": 0,
        "12": 0,
        "13": 0,
        "14": 0,
        "15": 0,
        "16": 0,
        "17": 0,
        "18": 0
      },
      "f": { "0": 0, "1": 0, "2": 0, "3": 0, "4": 0, "5": 0 },
      "b": {
        "0": [0, 0],
        "1": [0, 0],
        "2": [0, 0],
        "3": [0, 0],
        "4": [0, 0],
        "5": [0, 0]
      }
    },
    "E:\\Mini Project\\AWE\\DEV\\awe-backend\\src\\engine\\ExecutionEngine.ts": {
      "path": "E:\\Mini Project\\AWE\\DEV\\awe-backend\\src\\engine\\ExecutionEngine.ts",
      "statementMap": {
        "0": {
          "start": { "line": 1, "column": 0 },
          "end": { "line": 1, "column": 36 }
        },
        "1": {
          "start": { "line": 5, "column": 0 },
          "end": { "line": 5, "column": 76 }
        },
        "2": {
          "start": { "line": 6, "column": 0 },
          "end": { "line": 6, "column": 68 }
        },
        "3": {
          "start": { "line": 7, "column": 0 },
          "end": { "line": 7, "column": 86 }
        },
        "4": {
          "start": { "line": 8, "column": 0 },
          "end": { "line": 8, "column": 68 }
        },
        "5": {
          "start": { "line": 9, "column": 0 },
          "end": { "line": 9, "column": 68 }
        },
        "6": {
          "start": { "line": 10, "column": 0 },
          "end": { "line": 10, "column": 53 }
        },
        "7": {
          "start": { "line": 11, "column": 0 },
          "end": { "line": 11, "column": 49 }
        },
        "8": {
          "start": { "line": 12, "column": 0 },
          "end": { "line": 12, "column": 69 }
        },
        "9": {
          "start": { "line": 13, "column": 0 },
          "end": { "line": 13, "column": 65 }
        },
        "10": {
          "start": { "line": 14, "column": 0 },
          "end": { "line": 14, "column": 67 }
        },
        "11": {
          "start": { "line": 16, "column": 0 },
          "end": { "line": 16, "column": null }
        },
        "12": {
          "start": { "line": 21, "column": 0 },
          "end": { "line": 21, "column": 61 }
        },
        "13": {
          "start": { "line": 22, "column": 0 },
          "end": { "line": 22, "column": 64 }
        },
        "14": {
          "start": { "line": 23, "column": 0 },
          "end": { "line": 23, "column": 73 }
        },
        "15": {
          "start": { "line": 25, "column": 57 },
          "end": { "line": 29, "column": 2 }
        },
        "16": {
          "start": { "line": 31, "column": 13 },
          "end": { "line": 171, "column": 2 }
        },
        "17": {
          "start": { "line": 37, "column": 4 },
          "end": { "line": 169, "column": 7 }
        },
        "18": {
          "start": { "line": 38, "column": 19 },
          "end": { "line": 38, "column": 60 }
        },
        "19": {
          "start": { "line": 40, "column": 6 },
          "end": { "line": 44, "column": 7 }
        },
        "20": {
          "start": { "line": 41, "column": 8 },
          "end": { "line": 43, "column": 10 }
        },
        "21": {
          "start": { "line": 46, "column": 23 },
          "end": { "line": 46, "column": 43 }
        },
        "22": {
          "start": { "line": 47, "column": 6 },
          "end": { "line": 51, "column": 7 }
        },
        "23": {
          "start": { "line": 48, "column": 8 },
          "end": { "line": 50, "column": 10 }
        },
        "24": {
          "start": { "line": 53, "column": 24 },
          "end": { "line": 53, "column": 34 }
        },
        "25": {
          "start": { "line": 54, "column": 19 },
          "end": { "line": 60, "column": null }
        },
        "26": {
          "start": { "line": 63, "column": 28 },
          "end": { "line": 72, "column": null }
        },
        "27": {
          "start": { "line": 76, "column": 6 },
          "end": { "line": 84, "column": 7 }
        },
        "28": {
          "start": { "line": 77, "column": 8 },
          "end": { "line": 77, "column": 69 }
        },
        "29": {
          "start": { "line": 79, "column": 8 },
          "end": { "line": 83, "column": 10 }
        },
        "30": {
          "start": { "line": 86, "column": 6 },
          "end": { "line": 96, "column": 8 }
        },
        "31": {
          "start": { "line": 98, "column": 6 },
          "end": { "line": 98, "column": 78 }
        },
        "32": {
          "start": { "line": 100, "column": 6 },
          "end": { "line": 107, "column": 7 }
        },
        "33": {
          "start": { "line": 101, "column": 24 },
          "end": { "line": 104, "column": null }
        },
        "34": {
          "start": { "line": 106, "column": 8 },
          "end": { "line": 106, "column": 56 }
        },
        "35": {
          "start": { "line": 109, "column": 6 },
          "end": { "line": 116, "column": 7 }
        },
        "36": {
          "start": { "line": 110, "column": 24 },
          "end": { "line": 113, "column": null }
        },
        "37": {
          "start": { "line": 115, "column": 8 },
          "end": { "line": 115, "column": 76 }
        },
        "38": {
          "start": { "line": 118, "column": 6 },
          "end": { "line": 131, "column": 7 }
        },
        "39": {
          "start": { "line": 119, "column": 24 },
          "end": { "line": 128, "column": null }
        },
        "40": {
          "start": { "line": 130, "column": 8 },
          "end": { "line": 130, "column": 59 }
        },
        "41": {
          "start": { "line": 134, "column": 6 },
          "end": { "line": 138, "column": 7 }
        },
        "42": {
          "start": { "line": 135, "column": 8 },
          "end": { "line": 135, "column": 60 }
        },
        "43": {
          "start": { "line": 137, "column": 8 },
          "end": { "line": 137, "column": 79 }
        },
        "44": {
          "start": { "line": 140, "column": 30 },
          "end": { "line": 143, "column": null }
        },
        "45": {
          "start": { "line": 146, "column": 20 },
          "end": { "line": 146, "column": 71 }
        },
        "46": {
          "start": { "line": 150, "column": 6 },
          "end": { "line": 152, "column": 51 }
        },
        "47": {
          "start": { "line": 151, "column": 23 },
          "end": { "line": 151, "column": 47 }
        },
        "48": {
          "start": { "line": 152, "column": 38 },
          "end": { "line": 152, "column": 49 }
        },
        "49": {
          "start": { "line": 154, "column": 6 },
          "end": { "line": 161, "column": 7 }
        },
        "50": {
          "start": { "line": 155, "column": 24 },
          "end": { "line": 158, "column": null }
        },
        "51": {
          "start": { "line": 160, "column": 8 },
          "end": { "line": 160, "column": 56 }
        },
        "52": {
          "start": { "line": 163, "column": 6 },
          "end": { "line": 168, "column": 8 }
        }
      },
      "fnMap": {
        "0": {
          "name": "(anonymous_0)",
          "decl": {
            "start": { "line": 32, "column": 11 },
            "end": { "line": 32, "column": 16 }
          },
          "loc": {
            "start": { "line": 36, "column": 30 },
            "end": { "line": 170, "column": 3 }
          }
        },
        "1": {
          "name": "(anonymous_1)",
          "decl": {
            "start": { "line": 37, "column": 36 },
            "end": { "line": 37, "column": 41 }
          },
          "loc": {
            "start": { "line": 37, "column": 49 },
            "end": { "line": 169, "column": 5 }
          }
        },
        "2": {
          "name": "(anonymous_2)",
          "decl": {
            "start": { "line": 151, "column": 13 },
            "end": { "line": 151, "column": 14 }
          },
          "loc": {
            "start": { "line": 151, "column": 23 },
            "end": { "line": 151, "column": 47 }
          }
        },
        "3": {
          "name": "(anonymous_3)",
          "decl": {
            "start": { "line": 152, "column": 16 },
            "end": { "line": 152, "column": 17 }
          },
          "loc": {
            "start": { "line": 152, "column": 38 },
            "end": { "line": 152, "column": 49 }
          }
        }
      },
      "branchMap": {
        "0": {
          "loc": {
            "start": { "line": 40, "column": 6 },
            "end": { "line": 44, "column": 7 }
          },
          "type": "if",
          "locations": [
            {
              "start": { "line": 40, "column": 6 },
              "end": { "line": 44, "column": 7 }
            },
            { "start": {}, "end": {} }
          ]
        },
        "1": {
          "loc": {
            "start": { "line": 47, "column": 6 },
            "end": { "line": 51, "column": 7 }
          },
          "type": "if",
          "locations": [
            {
              "start": { "line": 47, "column": 6 },
              "end": { "line": 51, "column": 7 }
            },
            { "start": {}, "end": {} }
          ]
        },
        "2": {
          "loc": {
            "start": { "line": 82, "column": 17 },
            "end": { "line": 82, "column": 65 }
          },
          "type": "cond-expr",
          "locations": [
            {
              "start": { "line": 82, "column": 40 },
              "end": { "line": 82, "column": 51 }
            },
            {
              "start": { "line": 82, "column": 54 },
              "end": { "line": 82, "column": 65 }
            }
          ]
        },
        "3": {
          "loc": {
            "start": { "line": 100, "column": 6 },
            "end": { "line": 107, "column": 7 }
          },
          "type": "if",
          "locations": [
            {
              "start": { "line": 100, "column": 6 },
              "end": { "line": 107, "column": 7 }
            },
            { "start": {}, "end": {} }
          ]
        },
        "4": {
          "loc": {
            "start": { "line": 109, "column": 6 },
            "end": { "line": 116, "column": 7 }
          },
          "type": "if",
          "locations": [
            {
              "start": { "line": 109, "column": 6 },
              "end": { "line": 116, "column": 7 }
            },
            { "start": {}, "end": {} }
          ]
        },
        "5": {
          "loc": {
            "start": { "line": 118, "column": 6 },
            "end": { "line": 131, "column": 7 }
          },
          "type": "if",
          "locations": [
            {
              "start": { "line": 118, "column": 6 },
              "end": { "line": 131, "column": 7 }
            },
            { "start": {}, "end": {} }
          ]
        },
        "6": {
          "loc": {
            "start": { "line": 134, "column": 6 },
            "end": { "line": 138, "column": 7 }
          },
          "type": "if",
          "locations": [
            {
              "start": { "line": 134, "column": 6 },
              "end": { "line": 138, "column": 7 }
            },
            {
              "start": { "line": 136, "column": 13 },
              "end": { "line": 138, "column": 7 }
            }
          ]
        },
        "7": {
          "loc": {
            "start": { "line": 154, "column": 6 },
            "end": { "line": 161, "column": 7 }
          },
          "type": "if",
          "locations": [
            {
              "start": { "line": 154, "column": 6 },
              "end": { "line": 161, "column": 7 }
            },
            { "start": {}, "end": {} }
          ]
        }
      },
      "s": {
        "0": 1,
        "1": 1,
        "2": 1,
        "3": 1,
        "4": 1,
        "5": 1,
        "6": 1,
        "7": 1,
        "8": 1,
        "9": 1,
        "10": 1,
        "11": 1,
        "12": 1,
        "13": 1,
        "14": 1,
        "15": 1,
        "16": 1,
        "17": 13,
        "18": 13,
        "19": 13,
        "20": 13,
        "21": 0,
        "22": 0,
        "23": 0,
        "24": 0,
        "25": 0,
        "26": 0,
        "27": 0,
        "28": 0,
        "29": 0,
        "30": 0,
        "31": 0,
        "32": 0,
        "33": 0,
        "34": 0,
        "35": 0,
        "36": 0,
        "37": 0,
        "38": 0,
        "39": 0,
        "40": 0,
        "41": 0,
        "42": 0,
        "43": 0,
        "44": 0,
        "45": 0,
        "46": 0,
        "47": 0,
        "48": 0,
        "49": 0,
        "50": 0,
        "51": 0,
        "52": 0
      },
      "f": { "0": 13, "1": 13, "2": 0, "3": 0 },
      "b": {
        "0": [13, 0],
        "1": [0, 0],
        "2": [0, 0],
        "3": [0, 0],
        "4": [0, 0],
        "5": [0, 0],
        "6": [0, 0],
        "7": [0, 0]
      }
    },
    "E:\\Mini Project\\AWE\\DEV\\awe-backend\\src\\engine\\queue\\BullMQQueue.ts": {
      "path": "E:\\Mini Project\\AWE\\DEV\\awe-backend\\src\\engine\\queue\\BullMQQueue.ts",
      "statementMap": {
        "0": {
          "start": { "line": 1, "column": 0 },
          "end": { "line": 1, "column": 31 }
        },
        "1": {
          "start": { "line": 5, "column": 13 },
          "end": { "line": 5, "column": 48 }
        },
        "2": {
          "start": { "line": 11, "column": 4 },
          "end": { "line": 11, "column": 75 }
        },
        "3": {
          "start": { "line": 15, "column": 4 },
          "end": { "line": 21, "column": 7 }
        },
        "4": {
          "start": { "line": 25, "column": 4 },
          "end": { "line": 25, "column": 29 }
        },
        "5": {
          "start": { "line": 7, "column": 0 },
          "end": { "line": 7, "column": 13 }
        }
      },
      "fnMap": {
        "0": {
          "name": "(anonymous_0)",
          "decl": {
            "start": { "line": 10, "column": 2 },
            "end": { "line": 10, "column": 14 }
          },
          "loc": {
            "start": { "line": 10, "column": 43 },
            "end": { "line": 12, "column": 3 }
          }
        },
        "1": {
          "name": "(anonymous_1)",
          "decl": {
            "start": { "line": 14, "column": 2 },
            "end": { "line": 14, "column": 7 }
          },
          "loc": {
            "start": { "line": 14, "column": 29 },
            "end": { "line": 22, "column": 3 }
          }
        },
        "2": {
          "name": "(anonymous_2)",
          "decl": {
            "start": { "line": 24, "column": 2 },
            "end": { "line": 24, "column": 7 }
          },
          "loc": {
            "start": { "line": 24, "column": 13 },
            "end": { "line": 26, "column": 3 }
          }
        }
      },
      "branchMap": {},
      "s": { "0": 1, "1": 1, "2": 5, "3": 3, "4": 1, "5": 1 },
      "f": { "0": 5, "1": 3, "2": 1 },
      "b": {}
    }
  }
}
